[2019-03-15 00:34:46] local.ERROR: Unknown formatter "cpf" {"exception":"[object] (InvalidArgumentException(code: 0): Unknown formatter \"cpf\" at /home/vagrant/Trabalhos/desafio/venda/vendor/fzaninotto/faker/src/Faker/Generator.php:242)
[stacktrace]
#0 /home/vagrant/Trabalhos/desafio/venda/vendor/fzaninotto/faker/src/Faker/Generator.php(222): Faker\\Generator->getFormatter('cpf')
#1 /home/vagrant/Trabalhos/desafio/venda/vendor/fzaninotto/faker/src/Faker/Generator.php(279): Faker\\Generator->format('cpf', Array)
#2 [internal function]: Faker\\Generator->__call('cpf', Array)
#3 /home/vagrant/Trabalhos/desafio/venda/vendor/fzaninotto/faker/src/Faker/UniqueGenerator.php(48): call_user_func_array(Array, Array)
#4 /home/vagrant/Trabalhos/desafio/venda/vendor/fzaninotto/faker/src/Faker/UniqueGenerator.php(32): Faker\\UniqueGenerator->__call('cpf', Array)
#5 /home/vagrant/Trabalhos/desafio/venda/database/factories/ClienteFactory.php(9): Faker\\UniqueGenerator->__get('cpf')
#6 [internal function]: Illuminate\\Database\\Eloquent\\Factory->{closure}(Object(Faker\\Generator), Array)
#7 /home/vagrant/Trabalhos/desafio/venda/vendor/laravel/framework/src/Illuminate/Database/Eloquent/FactoryBuilder.php(273): call_user_func(Object(Closure), Object(Faker\\Generator), Array)
#8 /home/vagrant/Trabalhos/desafio/venda/vendor/laravel/framework/src/Illuminate/Database/Eloquent/FactoryBuilder.php(292): Illuminate\\Database\\Eloquent\\FactoryBuilder->getRawAttributes(Array)
#9 /home/vagrant/Trabalhos/desafio/venda/vendor/laravel/framework/src/Illuminate/Database/Eloquent/Concerns/GuardsAttributes.php(116): Illuminate\\Database\\Eloquent\\FactoryBuilder->Illuminate\\Database\\Eloquent\\{closure}()
#10 /home/vagrant/Trabalhos/desafio/venda/vendor/laravel/framework/src/Illuminate/Database/Eloquent/FactoryBuilder.php(300): Illuminate\\Database\\Eloquent\\Model::unguarded(Object(Closure))
#11 /home/vagrant/Trabalhos/desafio/venda/vendor/laravel/framework/src/Illuminate/Database/Eloquent/FactoryBuilder.php(229): Illuminate\\Database\\Eloquent\\FactoryBuilder->makeInstance(Array)
#12 [internal function]: Illuminate\\Database\\Eloquent\\FactoryBuilder->Illuminate\\Database\\Eloquent\\{closure}(1)
#13 /home/vagrant/Trabalhos/desafio/venda/vendor/laravel/framework/src/Illuminate/Database/Eloquent/FactoryBuilder.php(230): array_map(Object(Closure), Array)
#14 /home/vagrant/Trabalhos/desafio/venda/vendor/laravel/framework/src/Illuminate/Database/Eloquent/FactoryBuilder.php(178): Illuminate\\Database\\Eloquent\\FactoryBuilder->make(Array)
#15 /home/vagrant/Trabalhos/desafio/venda/database/seeds/DatabaseSeeder.php(14): Illuminate\\Database\\Eloquent\\FactoryBuilder->create()
#16 [internal function]: DatabaseSeeder->run()
#17 /home/vagrant/Trabalhos/desafio/venda/vendor/laravel/framework/src/Illuminate/Container/BoundMethod.php(32): call_user_func_array(Array, Array)
#18 /home/vagrant/Trabalhos/desafio/venda/vendor/laravel/framework/src/Illuminate/Container/BoundMethod.php(90): Illuminate\\Container\\BoundMethod::Illuminate\\Container\\{closure}()
#19 /home/vagrant/Trabalhos/desafio/venda/vendor/laravel/framework/src/Illuminate/Container/BoundMethod.php(34): Illuminate\\Container\\BoundMethod::callBoundMethod(Object(Illuminate\\Foundation\\Application), Array, Object(Closure))
#20 /home/vagrant/Trabalhos/desafio/venda/vendor/laravel/framework/src/Illuminate/Container/Container.php(580): Illuminate\\Container\\BoundMethod::call(Object(Illuminate\\Foundation\\Application), Array, Array, NULL)
#21 /home/vagrant/Trabalhos/desafio/venda/vendor/laravel/framework/src/Illuminate/Database/Seeder.php(122): Illuminate\\Container\\Container->call(Array)
#22 /home/vagrant/Trabalhos/desafio/venda/vendor/laravel/framework/src/Illuminate/Database/Console/Seeds/SeedCommand.php(63): Illuminate\\Database\\Seeder->__invoke()
#23 /home/vagrant/Trabalhos/desafio/venda/vendor/laravel/framework/src/Illuminate/Database/Eloquent/Concerns/GuardsAttributes.php(122): Illuminate\\Database\\Console\\Seeds\\SeedCommand->Illuminate\\Database\\Console\\Seeds\\{closure}()
#24 /home/vagrant/Trabalhos/desafio/venda/vendor/laravel/framework/src/Illuminate/Database/Console/Seeds/SeedCommand.php(64): Illuminate\\Database\\Eloquent\\Model::unguarded(Object(Closure))
#25 [internal function]: Illuminate\\Database\\Console\\Seeds\\SeedCommand->handle()
#26 /home/vagrant/Trabalhos/desafio/venda/vendor/laravel/framework/src/Illuminate/Container/BoundMethod.php(32): call_user_func_array(Array, Array)
#27 /home/vagrant/Trabalhos/desafio/venda/vendor/laravel/framework/src/Illuminate/Container/BoundMethod.php(90): Illuminate\\Container\\BoundMethod::Illuminate\\Container\\{closure}()
#28 /home/vagrant/Trabalhos/desafio/venda/vendor/laravel/framework/src/Illuminate/Container/BoundMethod.php(34): Illuminate\\Container\\BoundMethod::callBoundMethod(Object(Illuminate\\Foundation\\Application), Array, Object(Closure))
#29 /home/vagrant/Trabalhos/desafio/venda/vendor/laravel/framework/src/Illuminate/Container/Container.php(580): Illuminate\\Container\\BoundMethod::call(Object(Illuminate\\Foundation\\Application), Array, Array, NULL)
#30 /home/vagrant/Trabalhos/desafio/venda/vendor/laravel/framework/src/Illuminate/Console/Command.php(183): Illuminate\\Container\\Container->call(Array)
#31 /home/vagrant/Trabalhos/desafio/venda/vendor/symfony/console/Command/Command.php(255): Illuminate\\Console\\Command->execute(Object(Symfony\\Component\\Console\\Input\\ArgvInput), Object(Illuminate\\Console\\OutputStyle))
#32 /home/vagrant/Trabalhos/desafio/venda/vendor/laravel/framework/src/Illuminate/Console/Command.php(170): Symfony\\Component\\Console\\Command\\Command->run(Object(Symfony\\Component\\Console\\Input\\ArgvInput), Object(Illuminate\\Console\\OutputStyle))
#33 /home/vagrant/Trabalhos/desafio/venda/vendor/symfony/console/Application.php(908): Illuminate\\Console\\Command->run(Object(Symfony\\Component\\Console\\Input\\ArgvInput), Object(Symfony\\Component\\Console\\Output\\ConsoleOutput))
#34 /home/vagrant/Trabalhos/desafio/venda/vendor/symfony/console/Application.php(269): Symfony\\Component\\Console\\Application->doRunCommand(Object(Illuminate\\Database\\Console\\Seeds\\SeedCommand), Object(Symfony\\Component\\Console\\Input\\ArgvInput), Object(Symfony\\Component\\Console\\Output\\ConsoleOutput))
#35 /home/vagrant/Trabalhos/desafio/venda/vendor/symfony/console/Application.php(145): Symfony\\Component\\Console\\Application->doRun(Object(Symfony\\Component\\Console\\Input\\ArgvInput), Object(Symfony\\Component\\Console\\Output\\ConsoleOutput))
#36 /home/vagrant/Trabalhos/desafio/venda/vendor/laravel/framework/src/Illuminate/Console/Application.php(90): Symfony\\Component\\Console\\Application->run(Object(Symfony\\Component\\Console\\Input\\ArgvInput), Object(Symfony\\Component\\Console\\Output\\ConsoleOutput))
#37 /home/vagrant/Trabalhos/desafio/venda/vendor/laravel/framework/src/Illuminate/Foundation/Console/Kernel.php(122): Illuminate\\Console\\Application->run(Object(Symfony\\Component\\Console\\Input\\ArgvInput), Object(Symfony\\Component\\Console\\Output\\ConsoleOutput))
#38 /home/vagrant/Trabalhos/desafio/venda/artisan(37): Illuminate\\Foundation\\Console\\Kernel->handle(Object(Symfony\\Component\\Console\\Input\\ArgvInput), Object(Symfony\\Component\\Console\\Output\\ConsoleOutput))
#39 {main}
"} 
[2019-03-15 00:57:14] local.ERROR: Unknown formatter "cpf" {"exception":"[object] (InvalidArgumentException(code: 0): Unknown formatter \"cpf\" at /home/vagrant/Trabalhos/desafio/venda/vendor/fzaninotto/faker/src/Faker/Generator.php:242)
[stacktrace]
#0 /home/vagrant/Trabalhos/desafio/venda/vendor/fzaninotto/faker/src/Faker/Generator.php(222): Faker\\Generator->getFormatter('cpf')
#1 /home/vagrant/Trabalhos/desafio/venda/vendor/fzaninotto/faker/src/Faker/Generator.php(279): Faker\\Generator->format('cpf', Array)
#2 [internal function]: Faker\\Generator->__call('cpf', Array)
#3 /home/vagrant/Trabalhos/desafio/venda/vendor/fzaninotto/faker/src/Faker/UniqueGenerator.php(48): call_user_func_array(Array, Array)
#4 /home/vagrant/Trabalhos/desafio/venda/database/factories/ClienteFactory.php(9): Faker\\UniqueGenerator->__call('cpf', Array)
#5 [internal function]: Illuminate\\Database\\Eloquent\\Factory->{closure}(Object(Faker\\Generator), Array)
#6 /home/vagrant/Trabalhos/desafio/venda/vendor/laravel/framework/src/Illuminate/Database/Eloquent/FactoryBuilder.php(273): call_user_func(Object(Closure), Object(Faker\\Generator), Array)
#7 /home/vagrant/Trabalhos/desafio/venda/vendor/laravel/framework/src/Illuminate/Database/Eloquent/FactoryBuilder.php(292): Illuminate\\Database\\Eloquent\\FactoryBuilder->getRawAttributes(Array)
#8 /home/vagrant/Trabalhos/desafio/venda/vendor/laravel/framework/src/Illuminate/Database/Eloquent/Concerns/GuardsAttributes.php(116): Illuminate\\Database\\Eloquent\\FactoryBuilder->Illuminate\\Database\\Eloquent\\{closure}()
#9 /home/vagrant/Trabalhos/desafio/venda/vendor/laravel/framework/src/Illuminate/Database/Eloquent/FactoryBuilder.php(300): Illuminate\\Database\\Eloquent\\Model::unguarded(Object(Closure))
#10 /home/vagrant/Trabalhos/desafio/venda/vendor/laravel/framework/src/Illuminate/Database/Eloquent/FactoryBuilder.php(229): Illuminate\\Database\\Eloquent\\FactoryBuilder->makeInstance(Array)
#11 [internal function]: Illuminate\\Database\\Eloquent\\FactoryBuilder->Illuminate\\Database\\Eloquent\\{closure}(1)
#12 /home/vagrant/Trabalhos/desafio/venda/vendor/laravel/framework/src/Illuminate/Database/Eloquent/FactoryBuilder.php(230): array_map(Object(Closure), Array)
#13 /home/vagrant/Trabalhos/desafio/venda/vendor/laravel/framework/src/Illuminate/Database/Eloquent/FactoryBuilder.php(178): Illuminate\\Database\\Eloquent\\FactoryBuilder->make(Array)
#14 /home/vagrant/Trabalhos/desafio/venda/database/seeds/DatabaseSeeder.php(15): Illuminate\\Database\\Eloquent\\FactoryBuilder->create()
#15 [internal function]: DatabaseSeeder->run()
#16 /home/vagrant/Trabalhos/desafio/venda/vendor/laravel/framework/src/Illuminate/Container/BoundMethod.php(32): call_user_func_array(Array, Array)
#17 /home/vagrant/Trabalhos/desafio/venda/vendor/laravel/framework/src/Illuminate/Container/BoundMethod.php(90): Illuminate\\Container\\BoundMethod::Illuminate\\Container\\{closure}()
#18 /home/vagrant/Trabalhos/desafio/venda/vendor/laravel/framework/src/Illuminate/Container/BoundMethod.php(34): Illuminate\\Container\\BoundMethod::callBoundMethod(Object(Illuminate\\Foundation\\Application), Array, Object(Closure))
#19 /home/vagrant/Trabalhos/desafio/venda/vendor/laravel/framework/src/Illuminate/Container/Container.php(580): Illuminate\\Container\\BoundMethod::call(Object(Illuminate\\Foundation\\Application), Array, Array, NULL)
#20 /home/vagrant/Trabalhos/desafio/venda/vendor/laravel/framework/src/Illuminate/Database/Seeder.php(122): Illuminate\\Container\\Container->call(Array)
#21 /home/vagrant/Trabalhos/desafio/venda/vendor/laravel/framework/src/Illuminate/Database/Console/Seeds/SeedCommand.php(63): Illuminate\\Database\\Seeder->__invoke()
#22 /home/vagrant/Trabalhos/desafio/venda/vendor/laravel/framework/src/Illuminate/Database/Eloquent/Concerns/GuardsAttributes.php(122): Illuminate\\Database\\Console\\Seeds\\SeedCommand->Illuminate\\Database\\Console\\Seeds\\{closure}()
#23 /home/vagrant/Trabalhos/desafio/venda/vendor/laravel/framework/src/Illuminate/Database/Console/Seeds/SeedCommand.php(64): Illuminate\\Database\\Eloquent\\Model::unguarded(Object(Closure))
#24 [internal function]: Illuminate\\Database\\Console\\Seeds\\SeedCommand->handle()
#25 /home/vagrant/Trabalhos/desafio/venda/vendor/laravel/framework/src/Illuminate/Container/BoundMethod.php(32): call_user_func_array(Array, Array)
#26 /home/vagrant/Trabalhos/desafio/venda/vendor/laravel/framework/src/Illuminate/Container/BoundMethod.php(90): Illuminate\\Container\\BoundMethod::Illuminate\\Container\\{closure}()
#27 /home/vagrant/Trabalhos/desafio/venda/vendor/laravel/framework/src/Illuminate/Container/BoundMethod.php(34): Illuminate\\Container\\BoundMethod::callBoundMethod(Object(Illuminate\\Foundation\\Application), Array, Object(Closure))
#28 /home/vagrant/Trabalhos/desafio/venda/vendor/laravel/framework/src/Illuminate/Container/Container.php(580): Illuminate\\Container\\BoundMethod::call(Object(Illuminate\\Foundation\\Application), Array, Array, NULL)
#29 /home/vagrant/Trabalhos/desafio/venda/vendor/laravel/framework/src/Illuminate/Console/Command.php(183): Illuminate\\Container\\Container->call(Array)
#30 /home/vagrant/Trabalhos/desafio/venda/vendor/symfony/console/Command/Command.php(255): Illuminate\\Console\\Command->execute(Object(Symfony\\Component\\Console\\Input\\ArgvInput), Object(Illuminate\\Console\\OutputStyle))
#31 /home/vagrant/Trabalhos/desafio/venda/vendor/laravel/framework/src/Illuminate/Console/Command.php(170): Symfony\\Component\\Console\\Command\\Command->run(Object(Symfony\\Component\\Console\\Input\\ArgvInput), Object(Illuminate\\Console\\OutputStyle))
#32 /home/vagrant/Trabalhos/desafio/venda/vendor/symfony/console/Application.php(908): Illuminate\\Console\\Command->run(Object(Symfony\\Component\\Console\\Input\\ArgvInput), Object(Symfony\\Component\\Console\\Output\\ConsoleOutput))
#33 /home/vagrant/Trabalhos/desafio/venda/vendor/symfony/console/Application.php(269): Symfony\\Component\\Console\\Application->doRunCommand(Object(Illuminate\\Database\\Console\\Seeds\\SeedCommand), Object(Symfony\\Component\\Console\\Input\\ArgvInput), Object(Symfony\\Component\\Console\\Output\\ConsoleOutput))
#34 /home/vagrant/Trabalhos/desafio/venda/vendor/symfony/console/Application.php(145): Symfony\\Component\\Console\\Application->doRun(Object(Symfony\\Component\\Console\\Input\\ArgvInput), Object(Symfony\\Component\\Console\\Output\\ConsoleOutput))
#35 /home/vagrant/Trabalhos/desafio/venda/vendor/laravel/framework/src/Illuminate/Console/Application.php(90): Symfony\\Component\\Console\\Application->run(Object(Symfony\\Component\\Console\\Input\\ArgvInput), Object(Symfony\\Component\\Console\\Output\\ConsoleOutput))
#36 /home/vagrant/Trabalhos/desafio/venda/vendor/laravel/framework/src/Illuminate/Foundation/Console/Kernel.php(122): Illuminate\\Console\\Application->run(Object(Symfony\\Component\\Console\\Input\\ArgvInput), Object(Symfony\\Component\\Console\\Output\\ConsoleOutput))
#37 /home/vagrant/Trabalhos/desafio/venda/artisan(37): Illuminate\\Foundation\\Console\\Kernel->handle(Object(Symfony\\Component\\Console\\Input\\ArgvInput), Object(Symfony\\Component\\Console\\Output\\ConsoleOutput))
#38 {main}
"} 
[2019-03-15 00:58:43] local.ERROR: Argument 1 passed to Illuminate\Database\Eloquent\Factory::{closure}() must be an instance of Faker\Provider\pt_BR\Person, instance of Faker\Generator given {"exception":"[object] (Symfony\\Component\\Debug\\Exception\\FatalThrowableError(code: 0): Argument 1 passed to Illuminate\\Database\\Eloquent\\Factory::{closure}() must be an instance of Faker\\Provider\\pt_BR\\Person, instance of Faker\\Generator given at /home/vagrant/Trabalhos/desafio/venda/database/factories/ClienteFactory.php:6)
[stacktrace]
#0 [internal function]: Illuminate\\Database\\Eloquent\\Factory->{closure}(Object(Faker\\Generator), Array)
#1 /home/vagrant/Trabalhos/desafio/venda/vendor/laravel/framework/src/Illuminate/Database/Eloquent/FactoryBuilder.php(273): call_user_func(Object(Closure), Object(Faker\\Generator), Array)
#2 /home/vagrant/Trabalhos/desafio/venda/vendor/laravel/framework/src/Illuminate/Database/Eloquent/FactoryBuilder.php(292): Illuminate\\Database\\Eloquent\\FactoryBuilder->getRawAttributes(Array)
#3 /home/vagrant/Trabalhos/desafio/venda/vendor/laravel/framework/src/Illuminate/Database/Eloquent/Concerns/GuardsAttributes.php(116): Illuminate\\Database\\Eloquent\\FactoryBuilder->Illuminate\\Database\\Eloquent\\{closure}()
#4 /home/vagrant/Trabalhos/desafio/venda/vendor/laravel/framework/src/Illuminate/Database/Eloquent/FactoryBuilder.php(300): Illuminate\\Database\\Eloquent\\Model::unguarded(Object(Closure))
#5 /home/vagrant/Trabalhos/desafio/venda/vendor/laravel/framework/src/Illuminate/Database/Eloquent/FactoryBuilder.php(229): Illuminate\\Database\\Eloquent\\FactoryBuilder->makeInstance(Array)
#6 [internal function]: Illuminate\\Database\\Eloquent\\FactoryBuilder->Illuminate\\Database\\Eloquent\\{closure}(1)
#7 /home/vagrant/Trabalhos/desafio/venda/vendor/laravel/framework/src/Illuminate/Database/Eloquent/FactoryBuilder.php(230): array_map(Object(Closure), Array)
#8 /home/vagrant/Trabalhos/desafio/venda/vendor/laravel/framework/src/Illuminate/Database/Eloquent/FactoryBuilder.php(178): Illuminate\\Database\\Eloquent\\FactoryBuilder->make(Array)
#9 /home/vagrant/Trabalhos/desafio/venda/database/seeds/DatabaseSeeder.php(15): Illuminate\\Database\\Eloquent\\FactoryBuilder->create()
#10 [internal function]: DatabaseSeeder->run()
#11 /home/vagrant/Trabalhos/desafio/venda/vendor/laravel/framework/src/Illuminate/Container/BoundMethod.php(32): call_user_func_array(Array, Array)
#12 /home/vagrant/Trabalhos/desafio/venda/vendor/laravel/framework/src/Illuminate/Container/BoundMethod.php(90): Illuminate\\Container\\BoundMethod::Illuminate\\Container\\{closure}()
#13 /home/vagrant/Trabalhos/desafio/venda/vendor/laravel/framework/src/Illuminate/Container/BoundMethod.php(34): Illuminate\\Container\\BoundMethod::callBoundMethod(Object(Illuminate\\Foundation\\Application), Array, Object(Closure))
#14 /home/vagrant/Trabalhos/desafio/venda/vendor/laravel/framework/src/Illuminate/Container/Container.php(580): Illuminate\\Container\\BoundMethod::call(Object(Illuminate\\Foundation\\Application), Array, Array, NULL)
#15 /home/vagrant/Trabalhos/desafio/venda/vendor/laravel/framework/src/Illuminate/Database/Seeder.php(122): Illuminate\\Container\\Container->call(Array)
#16 /home/vagrant/Trabalhos/desafio/venda/vendor/laravel/framework/src/Illuminate/Database/Console/Seeds/SeedCommand.php(63): Illuminate\\Database\\Seeder->__invoke()
#17 /home/vagrant/Trabalhos/desafio/venda/vendor/laravel/framework/src/Illuminate/Database/Eloquent/Concerns/GuardsAttributes.php(122): Illuminate\\Database\\Console\\Seeds\\SeedCommand->Illuminate\\Database\\Console\\Seeds\\{closure}()
#18 /home/vagrant/Trabalhos/desafio/venda/vendor/laravel/framework/src/Illuminate/Database/Console/Seeds/SeedCommand.php(64): Illuminate\\Database\\Eloquent\\Model::unguarded(Object(Closure))
#19 [internal function]: Illuminate\\Database\\Console\\Seeds\\SeedCommand->handle()
#20 /home/vagrant/Trabalhos/desafio/venda/vendor/laravel/framework/src/Illuminate/Container/BoundMethod.php(32): call_user_func_array(Array, Array)
#21 /home/vagrant/Trabalhos/desafio/venda/vendor/laravel/framework/src/Illuminate/Container/BoundMethod.php(90): Illuminate\\Container\\BoundMethod::Illuminate\\Container\\{closure}()
#22 /home/vagrant/Trabalhos/desafio/venda/vendor/laravel/framework/src/Illuminate/Container/BoundMethod.php(34): Illuminate\\Container\\BoundMethod::callBoundMethod(Object(Illuminate\\Foundation\\Application), Array, Object(Closure))
#23 /home/vagrant/Trabalhos/desafio/venda/vendor/laravel/framework/src/Illuminate/Container/Container.php(580): Illuminate\\Container\\BoundMethod::call(Object(Illuminate\\Foundation\\Application), Array, Array, NULL)
#24 /home/vagrant/Trabalhos/desafio/venda/vendor/laravel/framework/src/Illuminate/Console/Command.php(183): Illuminate\\Container\\Container->call(Array)
#25 /home/vagrant/Trabalhos/desafio/venda/vendor/symfony/console/Command/Command.php(255): Illuminate\\Console\\Command->execute(Object(Symfony\\Component\\Console\\Input\\ArgvInput), Object(Illuminate\\Console\\OutputStyle))
#26 /home/vagrant/Trabalhos/desafio/venda/vendor/laravel/framework/src/Illuminate/Console/Command.php(170): Symfony\\Component\\Console\\Command\\Command->run(Object(Symfony\\Component\\Console\\Input\\ArgvInput), Object(Illuminate\\Console\\OutputStyle))
#27 /home/vagrant/Trabalhos/desafio/venda/vendor/symfony/console/Application.php(908): Illuminate\\Console\\Command->run(Object(Symfony\\Component\\Console\\Input\\ArgvInput), Object(Symfony\\Component\\Console\\Output\\ConsoleOutput))
#28 /home/vagrant/Trabalhos/desafio/venda/vendor/symfony/console/Application.php(269): Symfony\\Component\\Console\\Application->doRunCommand(Object(Illuminate\\Database\\Console\\Seeds\\SeedCommand), Object(Symfony\\Component\\Console\\Input\\ArgvInput), Object(Symfony\\Component\\Console\\Output\\ConsoleOutput))
#29 /home/vagrant/Trabalhos/desafio/venda/vendor/symfony/console/Application.php(145): Symfony\\Component\\Console\\Application->doRun(Object(Symfony\\Component\\Console\\Input\\ArgvInput), Object(Symfony\\Component\\Console\\Output\\ConsoleOutput))
#30 /home/vagrant/Trabalhos/desafio/venda/vendor/laravel/framework/src/Illuminate/Console/Application.php(90): Symfony\\Component\\Console\\Application->run(Object(Symfony\\Component\\Console\\Input\\ArgvInput), Object(Symfony\\Component\\Console\\Output\\ConsoleOutput))
#31 /home/vagrant/Trabalhos/desafio/venda/vendor/laravel/framework/src/Illuminate/Foundation/Console/Kernel.php(122): Illuminate\\Console\\Application->run(Object(Symfony\\Component\\Console\\Input\\ArgvInput), Object(Symfony\\Component\\Console\\Output\\ConsoleOutput))
#32 /home/vagrant/Trabalhos/desafio/venda/artisan(37): Illuminate\\Foundation\\Console\\Kernel->handle(Object(Symfony\\Component\\Console\\Input\\ArgvInput), Object(Symfony\\Component\\Console\\Output\\ConsoleOutput))
#33 {main}
"} 
[2019-03-15 01:00:45] local.ERROR: Argument 1 passed to Illuminate\Database\Eloquent\Factory::{closure}() must be an instance of Faker\Provider\pt_BR\Person, instance of Faker\Generator given {"exception":"[object] (Symfony\\Component\\Debug\\Exception\\FatalThrowableError(code: 0): Argument 1 passed to Illuminate\\Database\\Eloquent\\Factory::{closure}() must be an instance of Faker\\Provider\\pt_BR\\Person, instance of Faker\\Generator given at /home/vagrant/Trabalhos/desafio/venda/database/factories/ClienteFactory.php:6)
[stacktrace]
#0 [internal function]: Illuminate\\Database\\Eloquent\\Factory->{closure}(Object(Faker\\Generator), Array)
#1 /home/vagrant/Trabalhos/desafio/venda/vendor/laravel/framework/src/Illuminate/Database/Eloquent/FactoryBuilder.php(273): call_user_func(Object(Closure), Object(Faker\\Generator), Array)
#2 /home/vagrant/Trabalhos/desafio/venda/vendor/laravel/framework/src/Illuminate/Database/Eloquent/FactoryBuilder.php(292): Illuminate\\Database\\Eloquent\\FactoryBuilder->getRawAttributes(Array)
#3 /home/vagrant/Trabalhos/desafio/venda/vendor/laravel/framework/src/Illuminate/Database/Eloquent/Concerns/GuardsAttributes.php(116): Illuminate\\Database\\Eloquent\\FactoryBuilder->Illuminate\\Database\\Eloquent\\{closure}()
#4 /home/vagrant/Trabalhos/desafio/venda/vendor/laravel/framework/src/Illuminate/Database/Eloquent/FactoryBuilder.php(300): Illuminate\\Database\\Eloquent\\Model::unguarded(Object(Closure))
#5 /home/vagrant/Trabalhos/desafio/venda/vendor/laravel/framework/src/Illuminate/Database/Eloquent/FactoryBuilder.php(229): Illuminate\\Database\\Eloquent\\FactoryBuilder->makeInstance(Array)
#6 [internal function]: Illuminate\\Database\\Eloquent\\FactoryBuilder->Illuminate\\Database\\Eloquent\\{closure}(1)
#7 /home/vagrant/Trabalhos/desafio/venda/vendor/laravel/framework/src/Illuminate/Database/Eloquent/FactoryBuilder.php(230): array_map(Object(Closure), Array)
#8 /home/vagrant/Trabalhos/desafio/venda/vendor/laravel/framework/src/Illuminate/Database/Eloquent/FactoryBuilder.php(178): Illuminate\\Database\\Eloquent\\FactoryBuilder->make(Array)
#9 /home/vagrant/Trabalhos/desafio/venda/database/seeds/DatabaseSeeder.php(15): Illuminate\\Database\\Eloquent\\FactoryBuilder->create()
#10 [internal function]: DatabaseSeeder->run()
#11 /home/vagrant/Trabalhos/desafio/venda/vendor/laravel/framework/src/Illuminate/Container/BoundMethod.php(32): call_user_func_array(Array, Array)
#12 /home/vagrant/Trabalhos/desafio/venda/vendor/laravel/framework/src/Illuminate/Container/BoundMethod.php(90): Illuminate\\Container\\BoundMethod::Illuminate\\Container\\{closure}()
#13 /home/vagrant/Trabalhos/desafio/venda/vendor/laravel/framework/src/Illuminate/Container/BoundMethod.php(34): Illuminate\\Container\\BoundMethod::callBoundMethod(Object(Illuminate\\Foundation\\Application), Array, Object(Closure))
#14 /home/vagrant/Trabalhos/desafio/venda/vendor/laravel/framework/src/Illuminate/Container/Container.php(580): Illuminate\\Container\\BoundMethod::call(Object(Illuminate\\Foundation\\Application), Array, Array, NULL)
#15 /home/vagrant/Trabalhos/desafio/venda/vendor/laravel/framework/src/Illuminate/Database/Seeder.php(122): Illuminate\\Container\\Container->call(Array)
#16 /home/vagrant/Trabalhos/desafio/venda/vendor/laravel/framework/src/Illuminate/Database/Console/Seeds/SeedCommand.php(63): Illuminate\\Database\\Seeder->__invoke()
#17 /home/vagrant/Trabalhos/desafio/venda/vendor/laravel/framework/src/Illuminate/Database/Eloquent/Concerns/GuardsAttributes.php(122): Illuminate\\Database\\Console\\Seeds\\SeedCommand->Illuminate\\Database\\Console\\Seeds\\{closure}()
#18 /home/vagrant/Trabalhos/desafio/venda/vendor/laravel/framework/src/Illuminate/Database/Console/Seeds/SeedCommand.php(64): Illuminate\\Database\\Eloquent\\Model::unguarded(Object(Closure))
#19 [internal function]: Illuminate\\Database\\Console\\Seeds\\SeedCommand->handle()
#20 /home/vagrant/Trabalhos/desafio/venda/vendor/laravel/framework/src/Illuminate/Container/BoundMethod.php(32): call_user_func_array(Array, Array)
#21 /home/vagrant/Trabalhos/desafio/venda/vendor/laravel/framework/src/Illuminate/Container/BoundMethod.php(90): Illuminate\\Container\\BoundMethod::Illuminate\\Container\\{closure}()
#22 /home/vagrant/Trabalhos/desafio/venda/vendor/laravel/framework/src/Illuminate/Container/BoundMethod.php(34): Illuminate\\Container\\BoundMethod::callBoundMethod(Object(Illuminate\\Foundation\\Application), Array, Object(Closure))
#23 /home/vagrant/Trabalhos/desafio/venda/vendor/laravel/framework/src/Illuminate/Container/Container.php(580): Illuminate\\Container\\BoundMethod::call(Object(Illuminate\\Foundation\\Application), Array, Array, NULL)
#24 /home/vagrant/Trabalhos/desafio/venda/vendor/laravel/framework/src/Illuminate/Console/Command.php(183): Illuminate\\Container\\Container->call(Array)
#25 /home/vagrant/Trabalhos/desafio/venda/vendor/symfony/console/Command/Command.php(255): Illuminate\\Console\\Command->execute(Object(Symfony\\Component\\Console\\Input\\ArgvInput), Object(Illuminate\\Console\\OutputStyle))
#26 /home/vagrant/Trabalhos/desafio/venda/vendor/laravel/framework/src/Illuminate/Console/Command.php(170): Symfony\\Component\\Console\\Command\\Command->run(Object(Symfony\\Component\\Console\\Input\\ArgvInput), Object(Illuminate\\Console\\OutputStyle))
#27 /home/vagrant/Trabalhos/desafio/venda/vendor/symfony/console/Application.php(908): Illuminate\\Console\\Command->run(Object(Symfony\\Component\\Console\\Input\\ArgvInput), Object(Symfony\\Component\\Console\\Output\\ConsoleOutput))
#28 /home/vagrant/Trabalhos/desafio/venda/vendor/symfony/console/Application.php(269): Symfony\\Component\\Console\\Application->doRunCommand(Object(Illuminate\\Database\\Console\\Seeds\\SeedCommand), Object(Symfony\\Component\\Console\\Input\\ArgvInput), Object(Symfony\\Component\\Console\\Output\\ConsoleOutput))
#29 /home/vagrant/Trabalhos/desafio/venda/vendor/symfony/console/Application.php(145): Symfony\\Component\\Console\\Application->doRun(Object(Symfony\\Component\\Console\\Input\\ArgvInput), Object(Symfony\\Component\\Console\\Output\\ConsoleOutput))
#30 /home/vagrant/Trabalhos/desafio/venda/vendor/laravel/framework/src/Illuminate/Console/Application.php(90): Symfony\\Component\\Console\\Application->run(Object(Symfony\\Component\\Console\\Input\\ArgvInput), Object(Symfony\\Component\\Console\\Output\\ConsoleOutput))
#31 /home/vagrant/Trabalhos/desafio/venda/vendor/laravel/framework/src/Illuminate/Foundation/Console/Kernel.php(122): Illuminate\\Console\\Application->run(Object(Symfony\\Component\\Console\\Input\\ArgvInput), Object(Symfony\\Component\\Console\\Output\\ConsoleOutput))
#32 /home/vagrant/Trabalhos/desafio/venda/artisan(37): Illuminate\\Foundation\\Console\\Kernel->handle(Object(Symfony\\Component\\Console\\Input\\ArgvInput), Object(Symfony\\Component\\Console\\Output\\ConsoleOutput))
#33 {main}
"} 
[2019-03-15 01:01:52] local.ERROR: Argument 1 passed to Illuminate\Database\Eloquent\Factory::{closure}() must be an instance of Faker\Provider\pt_BR\Person, instance of Faker\Generator given {"exception":"[object] (Symfony\\Component\\Debug\\Exception\\FatalThrowableError(code: 0): Argument 1 passed to Illuminate\\Database\\Eloquent\\Factory::{closure}() must be an instance of Faker\\Provider\\pt_BR\\Person, instance of Faker\\Generator given at /home/vagrant/Trabalhos/desafio/venda/database/factories/ClienteFactory.php:6)
[stacktrace]
#0 [internal function]: Illuminate\\Database\\Eloquent\\Factory->{closure}(Object(Faker\\Generator), Array)
#1 /home/vagrant/Trabalhos/desafio/venda/vendor/laravel/framework/src/Illuminate/Database/Eloquent/FactoryBuilder.php(273): call_user_func(Object(Closure), Object(Faker\\Generator), Array)
#2 /home/vagrant/Trabalhos/desafio/venda/vendor/laravel/framework/src/Illuminate/Database/Eloquent/FactoryBuilder.php(292): Illuminate\\Database\\Eloquent\\FactoryBuilder->getRawAttributes(Array)
#3 /home/vagrant/Trabalhos/desafio/venda/vendor/laravel/framework/src/Illuminate/Database/Eloquent/Concerns/GuardsAttributes.php(116): Illuminate\\Database\\Eloquent\\FactoryBuilder->Illuminate\\Database\\Eloquent\\{closure}()
#4 /home/vagrant/Trabalhos/desafio/venda/vendor/laravel/framework/src/Illuminate/Database/Eloquent/FactoryBuilder.php(300): Illuminate\\Database\\Eloquent\\Model::unguarded(Object(Closure))
#5 /home/vagrant/Trabalhos/desafio/venda/vendor/laravel/framework/src/Illuminate/Database/Eloquent/FactoryBuilder.php(229): Illuminate\\Database\\Eloquent\\FactoryBuilder->makeInstance(Array)
#6 [internal function]: Illuminate\\Database\\Eloquent\\FactoryBuilder->Illuminate\\Database\\Eloquent\\{closure}(1)
#7 /home/vagrant/Trabalhos/desafio/venda/vendor/laravel/framework/src/Illuminate/Database/Eloquent/FactoryBuilder.php(230): array_map(Object(Closure), Array)
#8 /home/vagrant/Trabalhos/desafio/venda/vendor/laravel/framework/src/Illuminate/Database/Eloquent/FactoryBuilder.php(178): Illuminate\\Database\\Eloquent\\FactoryBuilder->make(Array)
#9 /home/vagrant/Trabalhos/desafio/venda/database/seeds/DatabaseSeeder.php(15): Illuminate\\Database\\Eloquent\\FactoryBuilder->create()
#10 [internal function]: DatabaseSeeder->run()
#11 /home/vagrant/Trabalhos/desafio/venda/vendor/laravel/framework/src/Illuminate/Container/BoundMethod.php(32): call_user_func_array(Array, Array)
#12 /home/vagrant/Trabalhos/desafio/venda/vendor/laravel/framework/src/Illuminate/Container/BoundMethod.php(90): Illuminate\\Container\\BoundMethod::Illuminate\\Container\\{closure}()
#13 /home/vagrant/Trabalhos/desafio/venda/vendor/laravel/framework/src/Illuminate/Container/BoundMethod.php(34): Illuminate\\Container\\BoundMethod::callBoundMethod(Object(Illuminate\\Foundation\\Application), Array, Object(Closure))
#14 /home/vagrant/Trabalhos/desafio/venda/vendor/laravel/framework/src/Illuminate/Container/Container.php(580): Illuminate\\Container\\BoundMethod::call(Object(Illuminate\\Foundation\\Application), Array, Array, NULL)
#15 /home/vagrant/Trabalhos/desafio/venda/vendor/laravel/framework/src/Illuminate/Database/Seeder.php(122): Illuminate\\Container\\Container->call(Array)
#16 /home/vagrant/Trabalhos/desafio/venda/vendor/laravel/framework/src/Illuminate/Database/Console/Seeds/SeedCommand.php(63): Illuminate\\Database\\Seeder->__invoke()
#17 /home/vagrant/Trabalhos/desafio/venda/vendor/laravel/framework/src/Illuminate/Database/Eloquent/Concerns/GuardsAttributes.php(122): Illuminate\\Database\\Console\\Seeds\\SeedCommand->Illuminate\\Database\\Console\\Seeds\\{closure}()
#18 /home/vagrant/Trabalhos/desafio/venda/vendor/laravel/framework/src/Illuminate/Database/Console/Seeds/SeedCommand.php(64): Illuminate\\Database\\Eloquent\\Model::unguarded(Object(Closure))
#19 [internal function]: Illuminate\\Database\\Console\\Seeds\\SeedCommand->handle()
#20 /home/vagrant/Trabalhos/desafio/venda/vendor/laravel/framework/src/Illuminate/Container/BoundMethod.php(32): call_user_func_array(Array, Array)
#21 /home/vagrant/Trabalhos/desafio/venda/vendor/laravel/framework/src/Illuminate/Container/BoundMethod.php(90): Illuminate\\Container\\BoundMethod::Illuminate\\Container\\{closure}()
#22 /home/vagrant/Trabalhos/desafio/venda/vendor/laravel/framework/src/Illuminate/Container/BoundMethod.php(34): Illuminate\\Container\\BoundMethod::callBoundMethod(Object(Illuminate\\Foundation\\Application), Array, Object(Closure))
#23 /home/vagrant/Trabalhos/desafio/venda/vendor/laravel/framework/src/Illuminate/Container/Container.php(580): Illuminate\\Container\\BoundMethod::call(Object(Illuminate\\Foundation\\Application), Array, Array, NULL)
#24 /home/vagrant/Trabalhos/desafio/venda/vendor/laravel/framework/src/Illuminate/Console/Command.php(183): Illuminate\\Container\\Container->call(Array)
#25 /home/vagrant/Trabalhos/desafio/venda/vendor/symfony/console/Command/Command.php(255): Illuminate\\Console\\Command->execute(Object(Symfony\\Component\\Console\\Input\\ArgvInput), Object(Illuminate\\Console\\OutputStyle))
#26 /home/vagrant/Trabalhos/desafio/venda/vendor/laravel/framework/src/Illuminate/Console/Command.php(170): Symfony\\Component\\Console\\Command\\Command->run(Object(Symfony\\Component\\Console\\Input\\ArgvInput), Object(Illuminate\\Console\\OutputStyle))
#27 /home/vagrant/Trabalhos/desafio/venda/vendor/symfony/console/Application.php(908): Illuminate\\Console\\Command->run(Object(Symfony\\Component\\Console\\Input\\ArgvInput), Object(Symfony\\Component\\Console\\Output\\ConsoleOutput))
#28 /home/vagrant/Trabalhos/desafio/venda/vendor/symfony/console/Application.php(269): Symfony\\Component\\Console\\Application->doRunCommand(Object(Illuminate\\Database\\Console\\Seeds\\SeedCommand), Object(Symfony\\Component\\Console\\Input\\ArgvInput), Object(Symfony\\Component\\Console\\Output\\ConsoleOutput))
#29 /home/vagrant/Trabalhos/desafio/venda/vendor/symfony/console/Application.php(145): Symfony\\Component\\Console\\Application->doRun(Object(Symfony\\Component\\Console\\Input\\ArgvInput), Object(Symfony\\Component\\Console\\Output\\ConsoleOutput))
#30 /home/vagrant/Trabalhos/desafio/venda/vendor/laravel/framework/src/Illuminate/Console/Application.php(90): Symfony\\Component\\Console\\Application->run(Object(Symfony\\Component\\Console\\Input\\ArgvInput), Object(Symfony\\Component\\Console\\Output\\ConsoleOutput))
#31 /home/vagrant/Trabalhos/desafio/venda/vendor/laravel/framework/src/Illuminate/Foundation/Console/Kernel.php(122): Illuminate\\Console\\Application->run(Object(Symfony\\Component\\Console\\Input\\ArgvInput), Object(Symfony\\Component\\Console\\Output\\ConsoleOutput))
#32 /home/vagrant/Trabalhos/desafio/venda/artisan(37): Illuminate\\Foundation\\Console\\Kernel->handle(Object(Symfony\\Component\\Console\\Input\\ArgvInput), Object(Symfony\\Component\\Console\\Output\\ConsoleOutput))
#33 {main}
"} 
[2019-03-15 01:05:43] local.ERROR: SQLSTATE[42S22]: Column not found: 1054 Unknown column 'name' in 'field list' (SQL: insert into `clientes` (`name`, `cpf`, `email`, `updated_at`, `created_at`) values (Sra. Fabiana Beltrão Fidalgo, 18894824209, ricardo90@example.org, 2019-03-15 01:05:43, 2019-03-15 01:05:43)) {"exception":"[object] (Illuminate\\Database\\QueryException(code: 42S22): SQLSTATE[42S22]: Column not found: 1054 Unknown column 'name' in 'field list' (SQL: insert into `clientes` (`name`, `cpf`, `email`, `updated_at`, `created_at`) values (Sra. Fabiana Beltrão Fidalgo, 18894824209, ricardo90@example.org, 2019-03-15 01:05:43, 2019-03-15 01:05:43)) at /home/vagrant/Trabalhos/desafio/venda/vendor/laravel/framework/src/Illuminate/Database/Connection.php:664, PDOException(code: 42S22): SQLSTATE[42S22]: Column not found: 1054 Unknown column 'name' in 'field list' at /home/vagrant/Trabalhos/desafio/venda/vendor/laravel/framework/src/Illuminate/Database/Connection.php:452)
[stacktrace]
#0 /home/vagrant/Trabalhos/desafio/venda/vendor/laravel/framework/src/Illuminate/Database/Connection.php(624): Illuminate\\Database\\Connection->runQueryCallback('insert into `cl...', Array, Object(Closure))
#1 /home/vagrant/Trabalhos/desafio/venda/vendor/laravel/framework/src/Illuminate/Database/Connection.php(459): Illuminate\\Database\\Connection->run('insert into `cl...', Array, Object(Closure))
#2 /home/vagrant/Trabalhos/desafio/venda/vendor/laravel/framework/src/Illuminate/Database/Connection.php(411): Illuminate\\Database\\Connection->statement('insert into `cl...', Array)
#3 /home/vagrant/Trabalhos/desafio/venda/vendor/laravel/framework/src/Illuminate/Database/Query/Processors/Processor.php(32): Illuminate\\Database\\Connection->insert('insert into `cl...', Array)
#4 /home/vagrant/Trabalhos/desafio/venda/vendor/laravel/framework/src/Illuminate/Database/Query/Builder.php(2633): Illuminate\\Database\\Query\\Processors\\Processor->processInsertGetId(Object(Illuminate\\Database\\Query\\Builder), 'insert into `cl...', Array, 'id')
#5 /home/vagrant/Trabalhos/desafio/venda/vendor/laravel/framework/src/Illuminate/Database/Eloquent/Builder.php(1347): Illuminate\\Database\\Query\\Builder->insertGetId(Array, 'id')
#6 /home/vagrant/Trabalhos/desafio/venda/vendor/laravel/framework/src/Illuminate/Database/Eloquent/Model.php(835): Illuminate\\Database\\Eloquent\\Builder->__call('insertGetId', Array)
#7 /home/vagrant/Trabalhos/desafio/venda/vendor/laravel/framework/src/Illuminate/Database/Eloquent/Model.php(800): Illuminate\\Database\\Eloquent\\Model->insertAndSetId(Object(Illuminate\\Database\\Eloquent\\Builder), Array)
#8 /home/vagrant/Trabalhos/desafio/venda/vendor/laravel/framework/src/Illuminate/Database/Eloquent/Model.php(663): Illuminate\\Database\\Eloquent\\Model->performInsert(Object(Illuminate\\Database\\Eloquent\\Builder))
#9 /home/vagrant/Trabalhos/desafio/venda/vendor/laravel/framework/src/Illuminate/Database/Eloquent/FactoryBuilder.php(206): Illuminate\\Database\\Eloquent\\Model->save()
#10 /home/vagrant/Trabalhos/desafio/venda/vendor/laravel/framework/src/Illuminate/Support/Collection.php(419): Illuminate\\Database\\Eloquent\\FactoryBuilder->Illuminate\\Database\\Eloquent\\{closure}(Object(App\\Models\\Cliente), 0)
#11 /home/vagrant/Trabalhos/desafio/venda/vendor/laravel/framework/src/Illuminate/Database/Eloquent/FactoryBuilder.php(207): Illuminate\\Support\\Collection->each(Object(Closure))
#12 /home/vagrant/Trabalhos/desafio/venda/vendor/laravel/framework/src/Illuminate/Database/Eloquent/FactoryBuilder.php(185): Illuminate\\Database\\Eloquent\\FactoryBuilder->store(Object(Illuminate\\Database\\Eloquent\\Collection))
#13 /home/vagrant/Trabalhos/desafio/venda/database/seeds/DatabaseSeeder.php(15): Illuminate\\Database\\Eloquent\\FactoryBuilder->create()
#14 [internal function]: DatabaseSeeder->run()
#15 /home/vagrant/Trabalhos/desafio/venda/vendor/laravel/framework/src/Illuminate/Container/BoundMethod.php(32): call_user_func_array(Array, Array)
#16 /home/vagrant/Trabalhos/desafio/venda/vendor/laravel/framework/src/Illuminate/Container/BoundMethod.php(90): Illuminate\\Container\\BoundMethod::Illuminate\\Container\\{closure}()
#17 /home/vagrant/Trabalhos/desafio/venda/vendor/laravel/framework/src/Illuminate/Container/BoundMethod.php(34): Illuminate\\Container\\BoundMethod::callBoundMethod(Object(Illuminate\\Foundation\\Application), Array, Object(Closure))
#18 /home/vagrant/Trabalhos/desafio/venda/vendor/laravel/framework/src/Illuminate/Container/Container.php(580): Illuminate\\Container\\BoundMethod::call(Object(Illuminate\\Foundation\\Application), Array, Array, NULL)
#19 /home/vagrant/Trabalhos/desafio/venda/vendor/laravel/framework/src/Illuminate/Database/Seeder.php(122): Illuminate\\Container\\Container->call(Array)
#20 /home/vagrant/Trabalhos/desafio/venda/vendor/laravel/framework/src/Illuminate/Database/Console/Seeds/SeedCommand.php(63): Illuminate\\Database\\Seeder->__invoke()
#21 /home/vagrant/Trabalhos/desafio/venda/vendor/laravel/framework/src/Illuminate/Database/Eloquent/Concerns/GuardsAttributes.php(122): Illuminate\\Database\\Console\\Seeds\\SeedCommand->Illuminate\\Database\\Console\\Seeds\\{closure}()
#22 /home/vagrant/Trabalhos/desafio/venda/vendor/laravel/framework/src/Illuminate/Database/Console/Seeds/SeedCommand.php(64): Illuminate\\Database\\Eloquent\\Model::unguarded(Object(Closure))
#23 [internal function]: Illuminate\\Database\\Console\\Seeds\\SeedCommand->handle()
#24 /home/vagrant/Trabalhos/desafio/venda/vendor/laravel/framework/src/Illuminate/Container/BoundMethod.php(32): call_user_func_array(Array, Array)
#25 /home/vagrant/Trabalhos/desafio/venda/vendor/laravel/framework/src/Illuminate/Container/BoundMethod.php(90): Illuminate\\Container\\BoundMethod::Illuminate\\Container\\{closure}()
#26 /home/vagrant/Trabalhos/desafio/venda/vendor/laravel/framework/src/Illuminate/Container/BoundMethod.php(34): Illuminate\\Container\\BoundMethod::callBoundMethod(Object(Illuminate\\Foundation\\Application), Array, Object(Closure))
#27 /home/vagrant/Trabalhos/desafio/venda/vendor/laravel/framework/src/Illuminate/Container/Container.php(580): Illuminate\\Container\\BoundMethod::call(Object(Illuminate\\Foundation\\Application), Array, Array, NULL)
#28 /home/vagrant/Trabalhos/desafio/venda/vendor/laravel/framework/src/Illuminate/Console/Command.php(183): Illuminate\\Container\\Container->call(Array)
#29 /home/vagrant/Trabalhos/desafio/venda/vendor/symfony/console/Command/Command.php(255): Illuminate\\Console\\Command->execute(Object(Symfony\\Component\\Console\\Input\\ArgvInput), Object(Illuminate\\Console\\OutputStyle))
#30 /home/vagrant/Trabalhos/desafio/venda/vendor/laravel/framework/src/Illuminate/Console/Command.php(170): Symfony\\Component\\Console\\Command\\Command->run(Object(Symfony\\Component\\Console\\Input\\ArgvInput), Object(Illuminate\\Console\\OutputStyle))
#31 /home/vagrant/Trabalhos/desafio/venda/vendor/symfony/console/Application.php(908): Illuminate\\Console\\Command->run(Object(Symfony\\Component\\Console\\Input\\ArgvInput), Object(Symfony\\Component\\Console\\Output\\ConsoleOutput))
#32 /home/vagrant/Trabalhos/desafio/venda/vendor/symfony/console/Application.php(269): Symfony\\Component\\Console\\Application->doRunCommand(Object(Illuminate\\Database\\Console\\Seeds\\SeedCommand), Object(Symfony\\Component\\Console\\Input\\ArgvInput), Object(Symfony\\Component\\Console\\Output\\ConsoleOutput))
#33 /home/vagrant/Trabalhos/desafio/venda/vendor/symfony/console/Application.php(145): Symfony\\Component\\Console\\Application->doRun(Object(Symfony\\Component\\Console\\Input\\ArgvInput), Object(Symfony\\Component\\Console\\Output\\ConsoleOutput))
#34 /home/vagrant/Trabalhos/desafio/venda/vendor/laravel/framework/src/Illuminate/Console/Application.php(90): Symfony\\Component\\Console\\Application->run(Object(Symfony\\Component\\Console\\Input\\ArgvInput), Object(Symfony\\Component\\Console\\Output\\ConsoleOutput))
#35 /home/vagrant/Trabalhos/desafio/venda/vendor/laravel/framework/src/Illuminate/Foundation/Console/Kernel.php(122): Illuminate\\Console\\Application->run(Object(Symfony\\Component\\Console\\Input\\ArgvInput), Object(Symfony\\Component\\Console\\Output\\ConsoleOutput))
#36 /home/vagrant/Trabalhos/desafio/venda/artisan(37): Illuminate\\Foundation\\Console\\Kernel->handle(Object(Symfony\\Component\\Console\\Input\\ArgvInput), Object(Symfony\\Component\\Console\\Output\\ConsoleOutput))
#37 {main}
"} 
[2019-03-15 01:26:20] local.ERROR: SQLSTATE[22003]: Numeric value out of range: 1264 Out of range value for column 'valor' at row 1 (SQL: insert into `produtos` (`nome`, `codBarras`, `valor`, `updated_at`, `created_at`) values (facilis, 42888895, 139035, 2019-03-15 01:26:19, 2019-03-15 01:26:19)) {"exception":"[object] (Illuminate\\Database\\QueryException(code: 22003): SQLSTATE[22003]: Numeric value out of range: 1264 Out of range value for column 'valor' at row 1 (SQL: insert into `produtos` (`nome`, `codBarras`, `valor`, `updated_at`, `created_at`) values (facilis, 42888895, 139035, 2019-03-15 01:26:19, 2019-03-15 01:26:19)) at /home/vagrant/Trabalhos/desafio/venda/vendor/laravel/framework/src/Illuminate/Database/Connection.php:664, PDOException(code: 22003): SQLSTATE[22003]: Numeric value out of range: 1264 Out of range value for column 'valor' at row 1 at /home/vagrant/Trabalhos/desafio/venda/vendor/laravel/framework/src/Illuminate/Database/Connection.php:458)
[stacktrace]
#0 /home/vagrant/Trabalhos/desafio/venda/vendor/laravel/framework/src/Illuminate/Database/Connection.php(624): Illuminate\\Database\\Connection->runQueryCallback('insert into `pr...', Array, Object(Closure))
#1 /home/vagrant/Trabalhos/desafio/venda/vendor/laravel/framework/src/Illuminate/Database/Connection.php(459): Illuminate\\Database\\Connection->run('insert into `pr...', Array, Object(Closure))
#2 /home/vagrant/Trabalhos/desafio/venda/vendor/laravel/framework/src/Illuminate/Database/Connection.php(411): Illuminate\\Database\\Connection->statement('insert into `pr...', Array)
#3 /home/vagrant/Trabalhos/desafio/venda/vendor/laravel/framework/src/Illuminate/Database/Query/Processors/Processor.php(32): Illuminate\\Database\\Connection->insert('insert into `pr...', Array)
#4 /home/vagrant/Trabalhos/desafio/venda/vendor/laravel/framework/src/Illuminate/Database/Query/Builder.php(2633): Illuminate\\Database\\Query\\Processors\\Processor->processInsertGetId(Object(Illuminate\\Database\\Query\\Builder), 'insert into `pr...', Array, 'id')
#5 /home/vagrant/Trabalhos/desafio/venda/vendor/laravel/framework/src/Illuminate/Database/Eloquent/Builder.php(1347): Illuminate\\Database\\Query\\Builder->insertGetId(Array, 'id')
#6 /home/vagrant/Trabalhos/desafio/venda/vendor/laravel/framework/src/Illuminate/Database/Eloquent/Model.php(835): Illuminate\\Database\\Eloquent\\Builder->__call('insertGetId', Array)
#7 /home/vagrant/Trabalhos/desafio/venda/vendor/laravel/framework/src/Illuminate/Database/Eloquent/Model.php(800): Illuminate\\Database\\Eloquent\\Model->insertAndSetId(Object(Illuminate\\Database\\Eloquent\\Builder), Array)
#8 /home/vagrant/Trabalhos/desafio/venda/vendor/laravel/framework/src/Illuminate/Database/Eloquent/Model.php(663): Illuminate\\Database\\Eloquent\\Model->performInsert(Object(Illuminate\\Database\\Eloquent\\Builder))
#9 /home/vagrant/Trabalhos/desafio/venda/vendor/laravel/framework/src/Illuminate/Database/Eloquent/FactoryBuilder.php(206): Illuminate\\Database\\Eloquent\\Model->save()
#10 /home/vagrant/Trabalhos/desafio/venda/vendor/laravel/framework/src/Illuminate/Support/Collection.php(419): Illuminate\\Database\\Eloquent\\FactoryBuilder->Illuminate\\Database\\Eloquent\\{closure}(Object(App\\Models\\Produto), 1)
#11 /home/vagrant/Trabalhos/desafio/venda/vendor/laravel/framework/src/Illuminate/Database/Eloquent/FactoryBuilder.php(207): Illuminate\\Support\\Collection->each(Object(Closure))
#12 /home/vagrant/Trabalhos/desafio/venda/vendor/laravel/framework/src/Illuminate/Database/Eloquent/FactoryBuilder.php(185): Illuminate\\Database\\Eloquent\\FactoryBuilder->store(Object(Illuminate\\Database\\Eloquent\\Collection))
#13 /home/vagrant/Trabalhos/desafio/venda/database/seeds/DatabaseSeeder.php(16): Illuminate\\Database\\Eloquent\\FactoryBuilder->create()
#14 [internal function]: DatabaseSeeder->run()
#15 /home/vagrant/Trabalhos/desafio/venda/vendor/laravel/framework/src/Illuminate/Container/BoundMethod.php(32): call_user_func_array(Array, Array)
#16 /home/vagrant/Trabalhos/desafio/venda/vendor/laravel/framework/src/Illuminate/Container/BoundMethod.php(90): Illuminate\\Container\\BoundMethod::Illuminate\\Container\\{closure}()
#17 /home/vagrant/Trabalhos/desafio/venda/vendor/laravel/framework/src/Illuminate/Container/BoundMethod.php(34): Illuminate\\Container\\BoundMethod::callBoundMethod(Object(Illuminate\\Foundation\\Application), Array, Object(Closure))
#18 /home/vagrant/Trabalhos/desafio/venda/vendor/laravel/framework/src/Illuminate/Container/Container.php(580): Illuminate\\Container\\BoundMethod::call(Object(Illuminate\\Foundation\\Application), Array, Array, NULL)
#19 /home/vagrant/Trabalhos/desafio/venda/vendor/laravel/framework/src/Illuminate/Database/Seeder.php(122): Illuminate\\Container\\Container->call(Array)
#20 /home/vagrant/Trabalhos/desafio/venda/vendor/laravel/framework/src/Illuminate/Database/Console/Seeds/SeedCommand.php(63): Illuminate\\Database\\Seeder->__invoke()
#21 /home/vagrant/Trabalhos/desafio/venda/vendor/laravel/framework/src/Illuminate/Database/Eloquent/Concerns/GuardsAttributes.php(122): Illuminate\\Database\\Console\\Seeds\\SeedCommand->Illuminate\\Database\\Console\\Seeds\\{closure}()
#22 /home/vagrant/Trabalhos/desafio/venda/vendor/laravel/framework/src/Illuminate/Database/Console/Seeds/SeedCommand.php(64): Illuminate\\Database\\Eloquent\\Model::unguarded(Object(Closure))
#23 [internal function]: Illuminate\\Database\\Console\\Seeds\\SeedCommand->handle()
#24 /home/vagrant/Trabalhos/desafio/venda/vendor/laravel/framework/src/Illuminate/Container/BoundMethod.php(32): call_user_func_array(Array, Array)
#25 /home/vagrant/Trabalhos/desafio/venda/vendor/laravel/framework/src/Illuminate/Container/BoundMethod.php(90): Illuminate\\Container\\BoundMethod::Illuminate\\Container\\{closure}()
#26 /home/vagrant/Trabalhos/desafio/venda/vendor/laravel/framework/src/Illuminate/Container/BoundMethod.php(34): Illuminate\\Container\\BoundMethod::callBoundMethod(Object(Illuminate\\Foundation\\Application), Array, Object(Closure))
#27 /home/vagrant/Trabalhos/desafio/venda/vendor/laravel/framework/src/Illuminate/Container/Container.php(580): Illuminate\\Container\\BoundMethod::call(Object(Illuminate\\Foundation\\Application), Array, Array, NULL)
#28 /home/vagrant/Trabalhos/desafio/venda/vendor/laravel/framework/src/Illuminate/Console/Command.php(183): Illuminate\\Container\\Container->call(Array)
#29 /home/vagrant/Trabalhos/desafio/venda/vendor/symfony/console/Command/Command.php(255): Illuminate\\Console\\Command->execute(Object(Symfony\\Component\\Console\\Input\\ArgvInput), Object(Illuminate\\Console\\OutputStyle))
#30 /home/vagrant/Trabalhos/desafio/venda/vendor/laravel/framework/src/Illuminate/Console/Command.php(170): Symfony\\Component\\Console\\Command\\Command->run(Object(Symfony\\Component\\Console\\Input\\ArgvInput), Object(Illuminate\\Console\\OutputStyle))
#31 /home/vagrant/Trabalhos/desafio/venda/vendor/symfony/console/Application.php(908): Illuminate\\Console\\Command->run(Object(Symfony\\Component\\Console\\Input\\ArgvInput), Object(Symfony\\Component\\Console\\Output\\ConsoleOutput))
#32 /home/vagrant/Trabalhos/desafio/venda/vendor/symfony/console/Application.php(269): Symfony\\Component\\Console\\Application->doRunCommand(Object(Illuminate\\Database\\Console\\Seeds\\SeedCommand), Object(Symfony\\Component\\Console\\Input\\ArgvInput), Object(Symfony\\Component\\Console\\Output\\ConsoleOutput))
#33 /home/vagrant/Trabalhos/desafio/venda/vendor/symfony/console/Application.php(145): Symfony\\Component\\Console\\Application->doRun(Object(Symfony\\Component\\Console\\Input\\ArgvInput), Object(Symfony\\Component\\Console\\Output\\ConsoleOutput))
#34 /home/vagrant/Trabalhos/desafio/venda/vendor/laravel/framework/src/Illuminate/Console/Application.php(90): Symfony\\Component\\Console\\Application->run(Object(Symfony\\Component\\Console\\Input\\ArgvInput), Object(Symfony\\Component\\Console\\Output\\ConsoleOutput))
#35 /home/vagrant/Trabalhos/desafio/venda/vendor/laravel/framework/src/Illuminate/Foundation/Console/Kernel.php(122): Illuminate\\Console\\Application->run(Object(Symfony\\Component\\Console\\Input\\ArgvInput), Object(Symfony\\Component\\Console\\Output\\ConsoleOutput))
#36 /home/vagrant/Trabalhos/desafio/venda/artisan(37): Illuminate\\Foundation\\Console\\Kernel->handle(Object(Symfony\\Component\\Console\\Input\\ArgvInput), Object(Symfony\\Component\\Console\\Output\\ConsoleOutput))
#37 {main}
"} 
[2019-03-15 01:34:57] local.ERROR: syntax error, unexpected ''dtPedido'' (T_CONSTANT_ENCAPSED_STRING), expecting ']' {"exception":"[object] (Symfony\\Component\\Debug\\Exception\\FatalThrowableError(code: 0): syntax error, unexpected ''dtPedido'' (T_CONSTANT_ENCAPSED_STRING), expecting ']' at /home/vagrant/Trabalhos/desafio/venda/database/factories/PedidoFactory.php:15)
[stacktrace]
#0 /home/vagrant/Trabalhos/desafio/venda/vendor/laravel/framework/src/Illuminate/Database/Eloquent/Factory.php(68): Illuminate\\Database\\Eloquent\\Factory->load('/home/vagrant/T...')
#1 /home/vagrant/Trabalhos/desafio/venda/vendor/laravel/framework/src/Illuminate/Database/DatabaseServiceProvider.php(83): Illuminate\\Database\\Eloquent\\Factory::construct(Object(Faker\\Generator), '/home/vagrant/T...')
#2 /home/vagrant/Trabalhos/desafio/venda/vendor/laravel/framework/src/Illuminate/Container/Container.php(791): Illuminate\\Database\\DatabaseServiceProvider->Illuminate\\Database\\{closure}(Object(Illuminate\\Foundation\\Application), Array)
#3 /home/vagrant/Trabalhos/desafio/venda/vendor/laravel/framework/src/Illuminate/Container/Container.php(671): Illuminate\\Container\\Container->build(Object(Closure))
#4 /home/vagrant/Trabalhos/desafio/venda/vendor/laravel/framework/src/Illuminate/Container/Container.php(619): Illuminate\\Container\\Container->resolve('Illuminate\\\\Data...', Array)
#5 /home/vagrant/Trabalhos/desafio/venda/vendor/laravel/framework/src/Illuminate/Foundation/Application.php(757): Illuminate\\Container\\Container->make('Illuminate\\\\Data...', Array)
#6 /home/vagrant/Trabalhos/desafio/venda/vendor/laravel/framework/src/Illuminate/Foundation/helpers.php(121): Illuminate\\Foundation\\Application->make('Illuminate\\\\Data...', Array)
#7 /home/vagrant/Trabalhos/desafio/venda/vendor/laravel/framework/src/Illuminate/Foundation/helpers.php(495): app('Illuminate\\\\Data...')
#8 /home/vagrant/Trabalhos/desafio/venda/database/seeds/DatabaseSeeder.php(20): factory('App\\\\Models\\\\Pedi...', 2)
#9 [internal function]: DatabaseSeeder->run()
#10 /home/vagrant/Trabalhos/desafio/venda/vendor/laravel/framework/src/Illuminate/Container/BoundMethod.php(32): call_user_func_array(Array, Array)
#11 /home/vagrant/Trabalhos/desafio/venda/vendor/laravel/framework/src/Illuminate/Container/BoundMethod.php(90): Illuminate\\Container\\BoundMethod::Illuminate\\Container\\{closure}()
#12 /home/vagrant/Trabalhos/desafio/venda/vendor/laravel/framework/src/Illuminate/Container/BoundMethod.php(34): Illuminate\\Container\\BoundMethod::callBoundMethod(Object(Illuminate\\Foundation\\Application), Array, Object(Closure))
#13 /home/vagrant/Trabalhos/desafio/venda/vendor/laravel/framework/src/Illuminate/Container/Container.php(580): Illuminate\\Container\\BoundMethod::call(Object(Illuminate\\Foundation\\Application), Array, Array, NULL)
#14 /home/vagrant/Trabalhos/desafio/venda/vendor/laravel/framework/src/Illuminate/Database/Seeder.php(122): Illuminate\\Container\\Container->call(Array)
#15 /home/vagrant/Trabalhos/desafio/venda/vendor/laravel/framework/src/Illuminate/Database/Console/Seeds/SeedCommand.php(63): Illuminate\\Database\\Seeder->__invoke()
#16 /home/vagrant/Trabalhos/desafio/venda/vendor/laravel/framework/src/Illuminate/Database/Eloquent/Concerns/GuardsAttributes.php(122): Illuminate\\Database\\Console\\Seeds\\SeedCommand->Illuminate\\Database\\Console\\Seeds\\{closure}()
#17 /home/vagrant/Trabalhos/desafio/venda/vendor/laravel/framework/src/Illuminate/Database/Console/Seeds/SeedCommand.php(64): Illuminate\\Database\\Eloquent\\Model::unguarded(Object(Closure))
#18 [internal function]: Illuminate\\Database\\Console\\Seeds\\SeedCommand->handle()
#19 /home/vagrant/Trabalhos/desafio/venda/vendor/laravel/framework/src/Illuminate/Container/BoundMethod.php(32): call_user_func_array(Array, Array)
#20 /home/vagrant/Trabalhos/desafio/venda/vendor/laravel/framework/src/Illuminate/Container/BoundMethod.php(90): Illuminate\\Container\\BoundMethod::Illuminate\\Container\\{closure}()
#21 /home/vagrant/Trabalhos/desafio/venda/vendor/laravel/framework/src/Illuminate/Container/BoundMethod.php(34): Illuminate\\Container\\BoundMethod::callBoundMethod(Object(Illuminate\\Foundation\\Application), Array, Object(Closure))
#22 /home/vagrant/Trabalhos/desafio/venda/vendor/laravel/framework/src/Illuminate/Container/Container.php(580): Illuminate\\Container\\BoundMethod::call(Object(Illuminate\\Foundation\\Application), Array, Array, NULL)
#23 /home/vagrant/Trabalhos/desafio/venda/vendor/laravel/framework/src/Illuminate/Console/Command.php(183): Illuminate\\Container\\Container->call(Array)
#24 /home/vagrant/Trabalhos/desafio/venda/vendor/symfony/console/Command/Command.php(255): Illuminate\\Console\\Command->execute(Object(Symfony\\Component\\Console\\Input\\ArgvInput), Object(Illuminate\\Console\\OutputStyle))
#25 /home/vagrant/Trabalhos/desafio/venda/vendor/laravel/framework/src/Illuminate/Console/Command.php(170): Symfony\\Component\\Console\\Command\\Command->run(Object(Symfony\\Component\\Console\\Input\\ArgvInput), Object(Illuminate\\Console\\OutputStyle))
#26 /home/vagrant/Trabalhos/desafio/venda/vendor/symfony/console/Application.php(908): Illuminate\\Console\\Command->run(Object(Symfony\\Component\\Console\\Input\\ArgvInput), Object(Symfony\\Component\\Console\\Output\\ConsoleOutput))
#27 /home/vagrant/Trabalhos/desafio/venda/vendor/symfony/console/Application.php(269): Symfony\\Component\\Console\\Application->doRunCommand(Object(Illuminate\\Database\\Console\\Seeds\\SeedCommand), Object(Symfony\\Component\\Console\\Input\\ArgvInput), Object(Symfony\\Component\\Console\\Output\\ConsoleOutput))
#28 /home/vagrant/Trabalhos/desafio/venda/vendor/symfony/console/Application.php(145): Symfony\\Component\\Console\\Application->doRun(Object(Symfony\\Component\\Console\\Input\\ArgvInput), Object(Symfony\\Component\\Console\\Output\\ConsoleOutput))
#29 /home/vagrant/Trabalhos/desafio/venda/vendor/laravel/framework/src/Illuminate/Console/Application.php(90): Symfony\\Component\\Console\\Application->run(Object(Symfony\\Component\\Console\\Input\\ArgvInput), Object(Symfony\\Component\\Console\\Output\\ConsoleOutput))
#30 /home/vagrant/Trabalhos/desafio/venda/vendor/laravel/framework/src/Illuminate/Foundation/Console/Kernel.php(122): Illuminate\\Console\\Application->run(Object(Symfony\\Component\\Console\\Input\\ArgvInput), Object(Symfony\\Component\\Console\\Output\\ConsoleOutput))
#31 /home/vagrant/Trabalhos/desafio/venda/artisan(37): Illuminate\\Foundation\\Console\\Kernel->handle(Object(Symfony\\Component\\Console\\Input\\ArgvInput), Object(Symfony\\Component\\Console\\Output\\ConsoleOutput))
#32 {main}
"} 
[2019-03-15 01:42:48] local.ERROR: The "--sed" option does not exist. {"exception":"[object] (Symfony\\Component\\Console\\Exception\\RuntimeException(code: 0): The \"--sed\" option does not exist. at /home/vagrant/Trabalhos/desafio/venda/vendor/symfony/console/Input/ArgvInput.php:218)
[stacktrace]
#0 /home/vagrant/Trabalhos/desafio/venda/vendor/symfony/console/Input/ArgvInput.php(154): Symfony\\Component\\Console\\Input\\ArgvInput->addLongOption('sed', NULL)
#1 /home/vagrant/Trabalhos/desafio/venda/vendor/symfony/console/Input/ArgvInput.php(82): Symfony\\Component\\Console\\Input\\ArgvInput->parseLongOption('--sed')
#2 /home/vagrant/Trabalhos/desafio/venda/vendor/symfony/console/Input/Input.php(55): Symfony\\Component\\Console\\Input\\ArgvInput->parse()
#3 /home/vagrant/Trabalhos/desafio/venda/vendor/symfony/console/Command/Command.php(214): Symfony\\Component\\Console\\Input\\Input->bind(Object(Symfony\\Component\\Console\\Input\\InputDefinition))
#4 /home/vagrant/Trabalhos/desafio/venda/vendor/laravel/framework/src/Illuminate/Console/Command.php(170): Symfony\\Component\\Console\\Command\\Command->run(Object(Symfony\\Component\\Console\\Input\\ArgvInput), Object(Illuminate\\Console\\OutputStyle))
#5 /home/vagrant/Trabalhos/desafio/venda/vendor/symfony/console/Application.php(908): Illuminate\\Console\\Command->run(Object(Symfony\\Component\\Console\\Input\\ArgvInput), Object(Symfony\\Component\\Console\\Output\\ConsoleOutput))
#6 /home/vagrant/Trabalhos/desafio/venda/vendor/symfony/console/Application.php(269): Symfony\\Component\\Console\\Application->doRunCommand(Object(Illuminate\\Database\\Console\\Migrations\\RefreshCommand), Object(Symfony\\Component\\Console\\Input\\ArgvInput), Object(Symfony\\Component\\Console\\Output\\ConsoleOutput))
#7 /home/vagrant/Trabalhos/desafio/venda/vendor/symfony/console/Application.php(145): Symfony\\Component\\Console\\Application->doRun(Object(Symfony\\Component\\Console\\Input\\ArgvInput), Object(Symfony\\Component\\Console\\Output\\ConsoleOutput))
#8 /home/vagrant/Trabalhos/desafio/venda/vendor/laravel/framework/src/Illuminate/Console/Application.php(90): Symfony\\Component\\Console\\Application->run(Object(Symfony\\Component\\Console\\Input\\ArgvInput), Object(Symfony\\Component\\Console\\Output\\ConsoleOutput))
#9 /home/vagrant/Trabalhos/desafio/venda/vendor/laravel/framework/src/Illuminate/Foundation/Console/Kernel.php(122): Illuminate\\Console\\Application->run(Object(Symfony\\Component\\Console\\Input\\ArgvInput), Object(Symfony\\Component\\Console\\Output\\ConsoleOutput))
#10 /home/vagrant/Trabalhos/desafio/venda/artisan(37): Illuminate\\Foundation\\Console\\Kernel->handle(Object(Symfony\\Component\\Console\\Input\\ArgvInput), Object(Symfony\\Component\\Console\\Output\\ConsoleOutput))
#11 {main}
"} 
[2019-03-15 01:42:57] local.ERROR: The "--db:sed" option does not exist. {"exception":"[object] (Symfony\\Component\\Console\\Exception\\RuntimeException(code: 0): The \"--db:sed\" option does not exist. at /home/vagrant/Trabalhos/desafio/venda/vendor/symfony/console/Input/ArgvInput.php:218)
[stacktrace]
#0 /home/vagrant/Trabalhos/desafio/venda/vendor/symfony/console/Input/ArgvInput.php(154): Symfony\\Component\\Console\\Input\\ArgvInput->addLongOption('db:sed', NULL)
#1 /home/vagrant/Trabalhos/desafio/venda/vendor/symfony/console/Input/ArgvInput.php(82): Symfony\\Component\\Console\\Input\\ArgvInput->parseLongOption('--db:sed')
#2 /home/vagrant/Trabalhos/desafio/venda/vendor/symfony/console/Input/Input.php(55): Symfony\\Component\\Console\\Input\\ArgvInput->parse()
#3 /home/vagrant/Trabalhos/desafio/venda/vendor/symfony/console/Command/Command.php(214): Symfony\\Component\\Console\\Input\\Input->bind(Object(Symfony\\Component\\Console\\Input\\InputDefinition))
#4 /home/vagrant/Trabalhos/desafio/venda/vendor/laravel/framework/src/Illuminate/Console/Command.php(170): Symfony\\Component\\Console\\Command\\Command->run(Object(Symfony\\Component\\Console\\Input\\ArgvInput), Object(Illuminate\\Console\\OutputStyle))
#5 /home/vagrant/Trabalhos/desafio/venda/vendor/symfony/console/Application.php(908): Illuminate\\Console\\Command->run(Object(Symfony\\Component\\Console\\Input\\ArgvInput), Object(Symfony\\Component\\Console\\Output\\ConsoleOutput))
#6 /home/vagrant/Trabalhos/desafio/venda/vendor/symfony/console/Application.php(269): Symfony\\Component\\Console\\Application->doRunCommand(Object(Illuminate\\Database\\Console\\Migrations\\RefreshCommand), Object(Symfony\\Component\\Console\\Input\\ArgvInput), Object(Symfony\\Component\\Console\\Output\\ConsoleOutput))
#7 /home/vagrant/Trabalhos/desafio/venda/vendor/symfony/console/Application.php(145): Symfony\\Component\\Console\\Application->doRun(Object(Symfony\\Component\\Console\\Input\\ArgvInput), Object(Symfony\\Component\\Console\\Output\\ConsoleOutput))
#8 /home/vagrant/Trabalhos/desafio/venda/vendor/laravel/framework/src/Illuminate/Console/Application.php(90): Symfony\\Component\\Console\\Application->run(Object(Symfony\\Component\\Console\\Input\\ArgvInput), Object(Symfony\\Component\\Console\\Output\\ConsoleOutput))
#9 /home/vagrant/Trabalhos/desafio/venda/vendor/laravel/framework/src/Illuminate/Foundation/Console/Kernel.php(122): Illuminate\\Console\\Application->run(Object(Symfony\\Component\\Console\\Input\\ArgvInput), Object(Symfony\\Component\\Console\\Output\\ConsoleOutput))
#10 /home/vagrant/Trabalhos/desafio/venda/artisan(37): Illuminate\\Foundation\\Console\\Kernel->handle(Object(Symfony\\Component\\Console\\Input\\ArgvInput), Object(Symfony\\Component\\Console\\Output\\ConsoleOutput))
#11 {main}
"} 
[2019-03-15 01:43:09] local.ERROR: SQLSTATE[42S01]: Base table or view already exists: 1050 Table 'clientes' already exists (SQL: create table `clientes` (`id` int unsigned not null auto_increment primary key, `nome` varchar(100) not null, `cpf` varchar(15) not null, `email` varchar(30) not null, `created_at` timestamp null, `updated_at` timestamp null) default character set utf8mb4 collate 'utf8mb4_unicode_ci') {"exception":"[object] (Illuminate\\Database\\QueryException(code: 42S01): SQLSTATE[42S01]: Base table or view already exists: 1050 Table 'clientes' already exists (SQL: create table `clientes` (`id` int unsigned not null auto_increment primary key, `nome` varchar(100) not null, `cpf` varchar(15) not null, `email` varchar(30) not null, `created_at` timestamp null, `updated_at` timestamp null) default character set utf8mb4 collate 'utf8mb4_unicode_ci') at /home/vagrant/Trabalhos/desafio/venda/vendor/laravel/framework/src/Illuminate/Database/Connection.php:664, PDOException(code: 42S01): SQLSTATE[42S01]: Base table or view already exists: 1050 Table 'clientes' already exists at /home/vagrant/Trabalhos/desafio/venda/vendor/laravel/framework/src/Illuminate/Database/Connection.php:458)
[stacktrace]
#0 /home/vagrant/Trabalhos/desafio/venda/vendor/laravel/framework/src/Illuminate/Database/Connection.php(624): Illuminate\\Database\\Connection->runQueryCallback('create table `c...', Array, Object(Closure))
#1 /home/vagrant/Trabalhos/desafio/venda/vendor/laravel/framework/src/Illuminate/Database/Connection.php(459): Illuminate\\Database\\Connection->run('create table `c...', Array, Object(Closure))
#2 /home/vagrant/Trabalhos/desafio/venda/vendor/laravel/framework/src/Illuminate/Database/Schema/Blueprint.php(97): Illuminate\\Database\\Connection->statement('create table `c...')
#3 /home/vagrant/Trabalhos/desafio/venda/vendor/laravel/framework/src/Illuminate/Database/Schema/Builder.php(264): Illuminate\\Database\\Schema\\Blueprint->build(Object(Illuminate\\Database\\MySqlConnection), Object(Illuminate\\Database\\Schema\\Grammars\\MySqlGrammar))
#4 /home/vagrant/Trabalhos/desafio/venda/vendor/laravel/framework/src/Illuminate/Database/Schema/Builder.php(165): Illuminate\\Database\\Schema\\Builder->build(Object(Illuminate\\Database\\Schema\\Blueprint))
#5 /home/vagrant/Trabalhos/desafio/venda/vendor/laravel/framework/src/Illuminate/Support/Facades/Facade.php(237): Illuminate\\Database\\Schema\\Builder->create('clientes', Object(Closure))
#6 /home/vagrant/Trabalhos/desafio/venda/database/migrations/2019_03_14_230727_clientes.php(22): Illuminate\\Support\\Facades\\Facade::__callStatic('create', Array)
#7 /home/vagrant/Trabalhos/desafio/venda/vendor/laravel/framework/src/Illuminate/Database/Migrations/Migrator.php(360): Clientes->up()
#8 /home/vagrant/Trabalhos/desafio/venda/vendor/laravel/framework/src/Illuminate/Database/Migrations/Migrator.php(367): Illuminate\\Database\\Migrations\\Migrator->Illuminate\\Database\\Migrations\\{closure}()
#9 /home/vagrant/Trabalhos/desafio/venda/vendor/laravel/framework/src/Illuminate/Database/Migrations/Migrator.php(178): Illuminate\\Database\\Migrations\\Migrator->runMigration(Object(Clientes), 'up')
#10 /home/vagrant/Trabalhos/desafio/venda/vendor/laravel/framework/src/Illuminate/Database/Migrations/Migrator.php(147): Illuminate\\Database\\Migrations\\Migrator->runUp('/home/vagrant/T...', 1, false)
#11 /home/vagrant/Trabalhos/desafio/venda/vendor/laravel/framework/src/Illuminate/Database/Migrations/Migrator.php(96): Illuminate\\Database\\Migrations\\Migrator->runPending(Array, Array)
#12 /home/vagrant/Trabalhos/desafio/venda/vendor/laravel/framework/src/Illuminate/Database/Console/Migrations/MigrateCommand.php(71): Illuminate\\Database\\Migrations\\Migrator->run(Array, Array)
#13 [internal function]: Illuminate\\Database\\Console\\Migrations\\MigrateCommand->handle()
#14 /home/vagrant/Trabalhos/desafio/venda/vendor/laravel/framework/src/Illuminate/Container/BoundMethod.php(32): call_user_func_array(Array, Array)
#15 /home/vagrant/Trabalhos/desafio/venda/vendor/laravel/framework/src/Illuminate/Container/BoundMethod.php(90): Illuminate\\Container\\BoundMethod::Illuminate\\Container\\{closure}()
#16 /home/vagrant/Trabalhos/desafio/venda/vendor/laravel/framework/src/Illuminate/Container/BoundMethod.php(34): Illuminate\\Container\\BoundMethod::callBoundMethod(Object(Illuminate\\Foundation\\Application), Array, Object(Closure))
#17 /home/vagrant/Trabalhos/desafio/venda/vendor/laravel/framework/src/Illuminate/Container/Container.php(580): Illuminate\\Container\\BoundMethod::call(Object(Illuminate\\Foundation\\Application), Array, Array, NULL)
#18 /home/vagrant/Trabalhos/desafio/venda/vendor/laravel/framework/src/Illuminate/Console/Command.php(183): Illuminate\\Container\\Container->call(Array)
#19 /home/vagrant/Trabalhos/desafio/venda/vendor/symfony/console/Command/Command.php(255): Illuminate\\Console\\Command->execute(Object(Symfony\\Component\\Console\\Input\\ArrayInput), Object(Illuminate\\Console\\OutputStyle))
#20 /home/vagrant/Trabalhos/desafio/venda/vendor/laravel/framework/src/Illuminate/Console/Command.php(170): Symfony\\Component\\Console\\Command\\Command->run(Object(Symfony\\Component\\Console\\Input\\ArrayInput), Object(Illuminate\\Console\\OutputStyle))
#21 /home/vagrant/Trabalhos/desafio/venda/vendor/laravel/framework/src/Illuminate/Console/Command.php(198): Illuminate\\Console\\Command->run(Object(Symfony\\Component\\Console\\Input\\ArrayInput), Object(Illuminate\\Console\\OutputStyle))
#22 /home/vagrant/Trabalhos/desafio/venda/vendor/laravel/framework/src/Illuminate/Database/Console/Migrations/RefreshCommand.php(60): Illuminate\\Console\\Command->call('migrate', Array)
#23 [internal function]: Illuminate\\Database\\Console\\Migrations\\RefreshCommand->handle()
#24 /home/vagrant/Trabalhos/desafio/venda/vendor/laravel/framework/src/Illuminate/Container/BoundMethod.php(32): call_user_func_array(Array, Array)
#25 /home/vagrant/Trabalhos/desafio/venda/vendor/laravel/framework/src/Illuminate/Container/BoundMethod.php(90): Illuminate\\Container\\BoundMethod::Illuminate\\Container\\{closure}()
#26 /home/vagrant/Trabalhos/desafio/venda/vendor/laravel/framework/src/Illuminate/Container/BoundMethod.php(34): Illuminate\\Container\\BoundMethod::callBoundMethod(Object(Illuminate\\Foundation\\Application), Array, Object(Closure))
#27 /home/vagrant/Trabalhos/desafio/venda/vendor/laravel/framework/src/Illuminate/Container/Container.php(580): Illuminate\\Container\\BoundMethod::call(Object(Illuminate\\Foundation\\Application), Array, Array, NULL)
#28 /home/vagrant/Trabalhos/desafio/venda/vendor/laravel/framework/src/Illuminate/Console/Command.php(183): Illuminate\\Container\\Container->call(Array)
#29 /home/vagrant/Trabalhos/desafio/venda/vendor/symfony/console/Command/Command.php(255): Illuminate\\Console\\Command->execute(Object(Symfony\\Component\\Console\\Input\\ArgvInput), Object(Illuminate\\Console\\OutputStyle))
#30 /home/vagrant/Trabalhos/desafio/venda/vendor/laravel/framework/src/Illuminate/Console/Command.php(170): Symfony\\Component\\Console\\Command\\Command->run(Object(Symfony\\Component\\Console\\Input\\ArgvInput), Object(Illuminate\\Console\\OutputStyle))
#31 /home/vagrant/Trabalhos/desafio/venda/vendor/symfony/console/Application.php(908): Illuminate\\Console\\Command->run(Object(Symfony\\Component\\Console\\Input\\ArgvInput), Object(Symfony\\Component\\Console\\Output\\ConsoleOutput))
#32 /home/vagrant/Trabalhos/desafio/venda/vendor/symfony/console/Application.php(269): Symfony\\Component\\Console\\Application->doRunCommand(Object(Illuminate\\Database\\Console\\Migrations\\RefreshCommand), Object(Symfony\\Component\\Console\\Input\\ArgvInput), Object(Symfony\\Component\\Console\\Output\\ConsoleOutput))
#33 /home/vagrant/Trabalhos/desafio/venda/vendor/symfony/console/Application.php(145): Symfony\\Component\\Console\\Application->doRun(Object(Symfony\\Component\\Console\\Input\\ArgvInput), Object(Symfony\\Component\\Console\\Output\\ConsoleOutput))
#34 /home/vagrant/Trabalhos/desafio/venda/vendor/laravel/framework/src/Illuminate/Console/Application.php(90): Symfony\\Component\\Console\\Application->run(Object(Symfony\\Component\\Console\\Input\\ArgvInput), Object(Symfony\\Component\\Console\\Output\\ConsoleOutput))
#35 /home/vagrant/Trabalhos/desafio/venda/vendor/laravel/framework/src/Illuminate/Foundation/Console/Kernel.php(122): Illuminate\\Console\\Application->run(Object(Symfony\\Component\\Console\\Input\\ArgvInput), Object(Symfony\\Component\\Console\\Output\\ConsoleOutput))
#36 /home/vagrant/Trabalhos/desafio/venda/artisan(37): Illuminate\\Foundation\\Console\\Kernel->handle(Object(Symfony\\Component\\Console\\Input\\ArgvInput), Object(Symfony\\Component\\Console\\Output\\ConsoleOutput))
#37 {main}
"} 
[2019-03-15 01:46:52] local.ERROR: syntax error, unexpected '=>' (T_DOUBLE_ARROW) {"exception":"[object] (Symfony\\Component\\Debug\\Exception\\FatalThrowableError(code: 0): syntax error, unexpected '=>' (T_DOUBLE_ARROW) at /home/vagrant/Trabalhos/desafio/venda/database/factories/ItemPedidoFactory.php:22)
[stacktrace]
#0 /home/vagrant/Trabalhos/desafio/venda/vendor/laravel/framework/src/Illuminate/Database/Eloquent/Factory.php(68): Illuminate\\Database\\Eloquent\\Factory->load('/home/vagrant/T...')
#1 /home/vagrant/Trabalhos/desafio/venda/vendor/laravel/framework/src/Illuminate/Database/DatabaseServiceProvider.php(83): Illuminate\\Database\\Eloquent\\Factory::construct(Object(Faker\\Generator), '/home/vagrant/T...')
#2 /home/vagrant/Trabalhos/desafio/venda/vendor/laravel/framework/src/Illuminate/Container/Container.php(791): Illuminate\\Database\\DatabaseServiceProvider->Illuminate\\Database\\{closure}(Object(Illuminate\\Foundation\\Application), Array)
#3 /home/vagrant/Trabalhos/desafio/venda/vendor/laravel/framework/src/Illuminate/Container/Container.php(671): Illuminate\\Container\\Container->build(Object(Closure))
#4 /home/vagrant/Trabalhos/desafio/venda/vendor/laravel/framework/src/Illuminate/Container/Container.php(619): Illuminate\\Container\\Container->resolve('Illuminate\\\\Data...', Array)
#5 /home/vagrant/Trabalhos/desafio/venda/vendor/laravel/framework/src/Illuminate/Foundation/Application.php(757): Illuminate\\Container\\Container->make('Illuminate\\\\Data...', Array)
#6 /home/vagrant/Trabalhos/desafio/venda/vendor/laravel/framework/src/Illuminate/Foundation/helpers.php(121): Illuminate\\Foundation\\Application->make('Illuminate\\\\Data...', Array)
#7 /home/vagrant/Trabalhos/desafio/venda/vendor/laravel/framework/src/Illuminate/Foundation/helpers.php(495): app('Illuminate\\\\Data...')
#8 /home/vagrant/Trabalhos/desafio/venda/database/seeds/DatabaseSeeder.php(20): factory('App\\\\Models\\\\Clie...', 10)
#9 [internal function]: DatabaseSeeder->run()
#10 /home/vagrant/Trabalhos/desafio/venda/vendor/laravel/framework/src/Illuminate/Container/BoundMethod.php(32): call_user_func_array(Array, Array)
#11 /home/vagrant/Trabalhos/desafio/venda/vendor/laravel/framework/src/Illuminate/Container/BoundMethod.php(90): Illuminate\\Container\\BoundMethod::Illuminate\\Container\\{closure}()
#12 /home/vagrant/Trabalhos/desafio/venda/vendor/laravel/framework/src/Illuminate/Container/BoundMethod.php(34): Illuminate\\Container\\BoundMethod::callBoundMethod(Object(Illuminate\\Foundation\\Application), Array, Object(Closure))
#13 /home/vagrant/Trabalhos/desafio/venda/vendor/laravel/framework/src/Illuminate/Container/Container.php(580): Illuminate\\Container\\BoundMethod::call(Object(Illuminate\\Foundation\\Application), Array, Array, NULL)
#14 /home/vagrant/Trabalhos/desafio/venda/vendor/laravel/framework/src/Illuminate/Database/Seeder.php(122): Illuminate\\Container\\Container->call(Array)
#15 /home/vagrant/Trabalhos/desafio/venda/vendor/laravel/framework/src/Illuminate/Database/Console/Seeds/SeedCommand.php(63): Illuminate\\Database\\Seeder->__invoke()
#16 /home/vagrant/Trabalhos/desafio/venda/vendor/laravel/framework/src/Illuminate/Database/Eloquent/Concerns/GuardsAttributes.php(122): Illuminate\\Database\\Console\\Seeds\\SeedCommand->Illuminate\\Database\\Console\\Seeds\\{closure}()
#17 /home/vagrant/Trabalhos/desafio/venda/vendor/laravel/framework/src/Illuminate/Database/Console/Seeds/SeedCommand.php(64): Illuminate\\Database\\Eloquent\\Model::unguarded(Object(Closure))
#18 [internal function]: Illuminate\\Database\\Console\\Seeds\\SeedCommand->handle()
#19 /home/vagrant/Trabalhos/desafio/venda/vendor/laravel/framework/src/Illuminate/Container/BoundMethod.php(32): call_user_func_array(Array, Array)
#20 /home/vagrant/Trabalhos/desafio/venda/vendor/laravel/framework/src/Illuminate/Container/BoundMethod.php(90): Illuminate\\Container\\BoundMethod::Illuminate\\Container\\{closure}()
#21 /home/vagrant/Trabalhos/desafio/venda/vendor/laravel/framework/src/Illuminate/Container/BoundMethod.php(34): Illuminate\\Container\\BoundMethod::callBoundMethod(Object(Illuminate\\Foundation\\Application), Array, Object(Closure))
#22 /home/vagrant/Trabalhos/desafio/venda/vendor/laravel/framework/src/Illuminate/Container/Container.php(580): Illuminate\\Container\\BoundMethod::call(Object(Illuminate\\Foundation\\Application), Array, Array, NULL)
#23 /home/vagrant/Trabalhos/desafio/venda/vendor/laravel/framework/src/Illuminate/Console/Command.php(183): Illuminate\\Container\\Container->call(Array)
#24 /home/vagrant/Trabalhos/desafio/venda/vendor/symfony/console/Command/Command.php(255): Illuminate\\Console\\Command->execute(Object(Symfony\\Component\\Console\\Input\\ArgvInput), Object(Illuminate\\Console\\OutputStyle))
#25 /home/vagrant/Trabalhos/desafio/venda/vendor/laravel/framework/src/Illuminate/Console/Command.php(170): Symfony\\Component\\Console\\Command\\Command->run(Object(Symfony\\Component\\Console\\Input\\ArgvInput), Object(Illuminate\\Console\\OutputStyle))
#26 /home/vagrant/Trabalhos/desafio/venda/vendor/symfony/console/Application.php(908): Illuminate\\Console\\Command->run(Object(Symfony\\Component\\Console\\Input\\ArgvInput), Object(Symfony\\Component\\Console\\Output\\ConsoleOutput))
#27 /home/vagrant/Trabalhos/desafio/venda/vendor/symfony/console/Application.php(269): Symfony\\Component\\Console\\Application->doRunCommand(Object(Illuminate\\Database\\Console\\Seeds\\SeedCommand), Object(Symfony\\Component\\Console\\Input\\ArgvInput), Object(Symfony\\Component\\Console\\Output\\ConsoleOutput))
#28 /home/vagrant/Trabalhos/desafio/venda/vendor/symfony/console/Application.php(145): Symfony\\Component\\Console\\Application->doRun(Object(Symfony\\Component\\Console\\Input\\ArgvInput), Object(Symfony\\Component\\Console\\Output\\ConsoleOutput))
#29 /home/vagrant/Trabalhos/desafio/venda/vendor/laravel/framework/src/Illuminate/Console/Application.php(90): Symfony\\Component\\Console\\Application->run(Object(Symfony\\Component\\Console\\Input\\ArgvInput), Object(Symfony\\Component\\Console\\Output\\ConsoleOutput))
#30 /home/vagrant/Trabalhos/desafio/venda/vendor/laravel/framework/src/Illuminate/Foundation/Console/Kernel.php(122): Illuminate\\Console\\Application->run(Object(Symfony\\Component\\Console\\Input\\ArgvInput), Object(Symfony\\Component\\Console\\Output\\ConsoleOutput))
#31 /home/vagrant/Trabalhos/desafio/venda/artisan(37): Illuminate\\Foundation\\Console\\Kernel->handle(Object(Symfony\\Component\\Console\\Input\\ArgvInput), Object(Symfony\\Component\\Console\\Output\\ConsoleOutput))
#32 {main}
"} 
[2019-03-15 01:47:19] local.ERROR: Class 'Faker\Generator\Provider\pt_BR\Person' not found {"exception":"[object] (Symfony\\Component\\Debug\\Exception\\FatalThrowableError(code: 0): Class 'Faker\\Generator\\Provider\\pt_BR\\Person' not found at /home/vagrant/Trabalhos/desafio/venda/database/factories/ClienteFactory.php:7)
[stacktrace]
#0 [internal function]: Illuminate\\Database\\Eloquent\\Factory->{closure}(Object(Faker\\Generator), Array)
#1 /home/vagrant/Trabalhos/desafio/venda/vendor/laravel/framework/src/Illuminate/Database/Eloquent/FactoryBuilder.php(273): call_user_func(Object(Closure), Object(Faker\\Generator), Array)
#2 /home/vagrant/Trabalhos/desafio/venda/vendor/laravel/framework/src/Illuminate/Database/Eloquent/FactoryBuilder.php(292): Illuminate\\Database\\Eloquent\\FactoryBuilder->getRawAttributes(Array)
#3 /home/vagrant/Trabalhos/desafio/venda/vendor/laravel/framework/src/Illuminate/Database/Eloquent/Concerns/GuardsAttributes.php(116): Illuminate\\Database\\Eloquent\\FactoryBuilder->Illuminate\\Database\\Eloquent\\{closure}()
#4 /home/vagrant/Trabalhos/desafio/venda/vendor/laravel/framework/src/Illuminate/Database/Eloquent/FactoryBuilder.php(300): Illuminate\\Database\\Eloquent\\Model::unguarded(Object(Closure))
#5 /home/vagrant/Trabalhos/desafio/venda/vendor/laravel/framework/src/Illuminate/Database/Eloquent/FactoryBuilder.php(229): Illuminate\\Database\\Eloquent\\FactoryBuilder->makeInstance(Array)
#6 [internal function]: Illuminate\\Database\\Eloquent\\FactoryBuilder->Illuminate\\Database\\Eloquent\\{closure}(1)
#7 /home/vagrant/Trabalhos/desafio/venda/vendor/laravel/framework/src/Illuminate/Database/Eloquent/FactoryBuilder.php(230): array_map(Object(Closure), Array)
#8 /home/vagrant/Trabalhos/desafio/venda/vendor/laravel/framework/src/Illuminate/Database/Eloquent/FactoryBuilder.php(178): Illuminate\\Database\\Eloquent\\FactoryBuilder->make(Array)
#9 /home/vagrant/Trabalhos/desafio/venda/database/seeds/DatabaseSeeder.php(20): Illuminate\\Database\\Eloquent\\FactoryBuilder->create()
#10 [internal function]: DatabaseSeeder->run()
#11 /home/vagrant/Trabalhos/desafio/venda/vendor/laravel/framework/src/Illuminate/Container/BoundMethod.php(32): call_user_func_array(Array, Array)
#12 /home/vagrant/Trabalhos/desafio/venda/vendor/laravel/framework/src/Illuminate/Container/BoundMethod.php(90): Illuminate\\Container\\BoundMethod::Illuminate\\Container\\{closure}()
#13 /home/vagrant/Trabalhos/desafio/venda/vendor/laravel/framework/src/Illuminate/Container/BoundMethod.php(34): Illuminate\\Container\\BoundMethod::callBoundMethod(Object(Illuminate\\Foundation\\Application), Array, Object(Closure))
#14 /home/vagrant/Trabalhos/desafio/venda/vendor/laravel/framework/src/Illuminate/Container/Container.php(580): Illuminate\\Container\\BoundMethod::call(Object(Illuminate\\Foundation\\Application), Array, Array, NULL)
#15 /home/vagrant/Trabalhos/desafio/venda/vendor/laravel/framework/src/Illuminate/Database/Seeder.php(122): Illuminate\\Container\\Container->call(Array)
#16 /home/vagrant/Trabalhos/desafio/venda/vendor/laravel/framework/src/Illuminate/Database/Console/Seeds/SeedCommand.php(63): Illuminate\\Database\\Seeder->__invoke()
#17 /home/vagrant/Trabalhos/desafio/venda/vendor/laravel/framework/src/Illuminate/Database/Eloquent/Concerns/GuardsAttributes.php(122): Illuminate\\Database\\Console\\Seeds\\SeedCommand->Illuminate\\Database\\Console\\Seeds\\{closure}()
#18 /home/vagrant/Trabalhos/desafio/venda/vendor/laravel/framework/src/Illuminate/Database/Console/Seeds/SeedCommand.php(64): Illuminate\\Database\\Eloquent\\Model::unguarded(Object(Closure))
#19 [internal function]: Illuminate\\Database\\Console\\Seeds\\SeedCommand->handle()
#20 /home/vagrant/Trabalhos/desafio/venda/vendor/laravel/framework/src/Illuminate/Container/BoundMethod.php(32): call_user_func_array(Array, Array)
#21 /home/vagrant/Trabalhos/desafio/venda/vendor/laravel/framework/src/Illuminate/Container/BoundMethod.php(90): Illuminate\\Container\\BoundMethod::Illuminate\\Container\\{closure}()
#22 /home/vagrant/Trabalhos/desafio/venda/vendor/laravel/framework/src/Illuminate/Container/BoundMethod.php(34): Illuminate\\Container\\BoundMethod::callBoundMethod(Object(Illuminate\\Foundation\\Application), Array, Object(Closure))
#23 /home/vagrant/Trabalhos/desafio/venda/vendor/laravel/framework/src/Illuminate/Container/Container.php(580): Illuminate\\Container\\BoundMethod::call(Object(Illuminate\\Foundation\\Application), Array, Array, NULL)
#24 /home/vagrant/Trabalhos/desafio/venda/vendor/laravel/framework/src/Illuminate/Console/Command.php(183): Illuminate\\Container\\Container->call(Array)
#25 /home/vagrant/Trabalhos/desafio/venda/vendor/symfony/console/Command/Command.php(255): Illuminate\\Console\\Command->execute(Object(Symfony\\Component\\Console\\Input\\ArgvInput), Object(Illuminate\\Console\\OutputStyle))
#26 /home/vagrant/Trabalhos/desafio/venda/vendor/laravel/framework/src/Illuminate/Console/Command.php(170): Symfony\\Component\\Console\\Command\\Command->run(Object(Symfony\\Component\\Console\\Input\\ArgvInput), Object(Illuminate\\Console\\OutputStyle))
#27 /home/vagrant/Trabalhos/desafio/venda/vendor/symfony/console/Application.php(908): Illuminate\\Console\\Command->run(Object(Symfony\\Component\\Console\\Input\\ArgvInput), Object(Symfony\\Component\\Console\\Output\\ConsoleOutput))
#28 /home/vagrant/Trabalhos/desafio/venda/vendor/symfony/console/Application.php(269): Symfony\\Component\\Console\\Application->doRunCommand(Object(Illuminate\\Database\\Console\\Seeds\\SeedCommand), Object(Symfony\\Component\\Console\\Input\\ArgvInput), Object(Symfony\\Component\\Console\\Output\\ConsoleOutput))
#29 /home/vagrant/Trabalhos/desafio/venda/vendor/symfony/console/Application.php(145): Symfony\\Component\\Console\\Application->doRun(Object(Symfony\\Component\\Console\\Input\\ArgvInput), Object(Symfony\\Component\\Console\\Output\\ConsoleOutput))
#30 /home/vagrant/Trabalhos/desafio/venda/vendor/laravel/framework/src/Illuminate/Console/Application.php(90): Symfony\\Component\\Console\\Application->run(Object(Symfony\\Component\\Console\\Input\\ArgvInput), Object(Symfony\\Component\\Console\\Output\\ConsoleOutput))
#31 /home/vagrant/Trabalhos/desafio/venda/vendor/laravel/framework/src/Illuminate/Foundation/Console/Kernel.php(122): Illuminate\\Console\\Application->run(Object(Symfony\\Component\\Console\\Input\\ArgvInput), Object(Symfony\\Component\\Console\\Output\\ConsoleOutput))
#32 /home/vagrant/Trabalhos/desafio/venda/artisan(37): Illuminate\\Foundation\\Console\\Kernel->handle(Object(Symfony\\Component\\Console\\Input\\ArgvInput), Object(Symfony\\Component\\Console\\Output\\ConsoleOutput))
#33 {main}
"} 
[2019-03-15 01:54:56] local.ERROR: SQLSTATE[42S02]: Base table or view not found: 1146 Table 'venda.item_pedidos' doesn't exist (SQL: insert into `item_pedidos` (`id_pedido`, `id_produto`, `quantidade`, `updated_at`, `created_at`) values (8, 9, 1, 2019-03-15 01:54:55, 2019-03-15 01:54:55)) {"exception":"[object] (Illuminate\\Database\\QueryException(code: 42S02): SQLSTATE[42S02]: Base table or view not found: 1146 Table 'venda.item_pedidos' doesn't exist (SQL: insert into `item_pedidos` (`id_pedido`, `id_produto`, `quantidade`, `updated_at`, `created_at`) values (8, 9, 1, 2019-03-15 01:54:55, 2019-03-15 01:54:55)) at /home/vagrant/Trabalhos/desafio/venda/vendor/laravel/framework/src/Illuminate/Database/Connection.php:664, PDOException(code: 42S02): SQLSTATE[42S02]: Base table or view not found: 1146 Table 'venda.item_pedidos' doesn't exist at /home/vagrant/Trabalhos/desafio/venda/vendor/laravel/framework/src/Illuminate/Database/Connection.php:452)
[stacktrace]
#0 /home/vagrant/Trabalhos/desafio/venda/vendor/laravel/framework/src/Illuminate/Database/Connection.php(624): Illuminate\\Database\\Connection->runQueryCallback('insert into `it...', Array, Object(Closure))
#1 /home/vagrant/Trabalhos/desafio/venda/vendor/laravel/framework/src/Illuminate/Database/Connection.php(459): Illuminate\\Database\\Connection->run('insert into `it...', Array, Object(Closure))
#2 /home/vagrant/Trabalhos/desafio/venda/vendor/laravel/framework/src/Illuminate/Database/Connection.php(411): Illuminate\\Database\\Connection->statement('insert into `it...', Array)
#3 /home/vagrant/Trabalhos/desafio/venda/vendor/laravel/framework/src/Illuminate/Database/Query/Processors/Processor.php(32): Illuminate\\Database\\Connection->insert('insert into `it...', Array)
#4 /home/vagrant/Trabalhos/desafio/venda/vendor/laravel/framework/src/Illuminate/Database/Query/Builder.php(2633): Illuminate\\Database\\Query\\Processors\\Processor->processInsertGetId(Object(Illuminate\\Database\\Query\\Builder), 'insert into `it...', Array, 'id')
#5 /home/vagrant/Trabalhos/desafio/venda/vendor/laravel/framework/src/Illuminate/Database/Eloquent/Builder.php(1347): Illuminate\\Database\\Query\\Builder->insertGetId(Array, 'id')
#6 /home/vagrant/Trabalhos/desafio/venda/vendor/laravel/framework/src/Illuminate/Database/Eloquent/Model.php(835): Illuminate\\Database\\Eloquent\\Builder->__call('insertGetId', Array)
#7 /home/vagrant/Trabalhos/desafio/venda/vendor/laravel/framework/src/Illuminate/Database/Eloquent/Model.php(800): Illuminate\\Database\\Eloquent\\Model->insertAndSetId(Object(Illuminate\\Database\\Eloquent\\Builder), Array)
#8 /home/vagrant/Trabalhos/desafio/venda/vendor/laravel/framework/src/Illuminate/Database/Eloquent/Model.php(663): Illuminate\\Database\\Eloquent\\Model->performInsert(Object(Illuminate\\Database\\Eloquent\\Builder))
#9 /home/vagrant/Trabalhos/desafio/venda/vendor/laravel/framework/src/Illuminate/Database/Eloquent/FactoryBuilder.php(206): Illuminate\\Database\\Eloquent\\Model->save()
#10 /home/vagrant/Trabalhos/desafio/venda/vendor/laravel/framework/src/Illuminate/Support/Collection.php(419): Illuminate\\Database\\Eloquent\\FactoryBuilder->Illuminate\\Database\\Eloquent\\{closure}(Object(App\\Models\\ItemPedido), 0)
#11 /home/vagrant/Trabalhos/desafio/venda/vendor/laravel/framework/src/Illuminate/Database/Eloquent/FactoryBuilder.php(207): Illuminate\\Support\\Collection->each(Object(Closure))
#12 /home/vagrant/Trabalhos/desafio/venda/vendor/laravel/framework/src/Illuminate/Database/Eloquent/FactoryBuilder.php(185): Illuminate\\Database\\Eloquent\\FactoryBuilder->store(Object(Illuminate\\Database\\Eloquent\\Collection))
#13 /home/vagrant/Trabalhos/desafio/venda/database/seeds/DatabaseSeeder.php(23): Illuminate\\Database\\Eloquent\\FactoryBuilder->create()
#14 [internal function]: DatabaseSeeder->run()
#15 /home/vagrant/Trabalhos/desafio/venda/vendor/laravel/framework/src/Illuminate/Container/BoundMethod.php(32): call_user_func_array(Array, Array)
#16 /home/vagrant/Trabalhos/desafio/venda/vendor/laravel/framework/src/Illuminate/Container/BoundMethod.php(90): Illuminate\\Container\\BoundMethod::Illuminate\\Container\\{closure}()
#17 /home/vagrant/Trabalhos/desafio/venda/vendor/laravel/framework/src/Illuminate/Container/BoundMethod.php(34): Illuminate\\Container\\BoundMethod::callBoundMethod(Object(Illuminate\\Foundation\\Application), Array, Object(Closure))
#18 /home/vagrant/Trabalhos/desafio/venda/vendor/laravel/framework/src/Illuminate/Container/Container.php(580): Illuminate\\Container\\BoundMethod::call(Object(Illuminate\\Foundation\\Application), Array, Array, NULL)
#19 /home/vagrant/Trabalhos/desafio/venda/vendor/laravel/framework/src/Illuminate/Database/Seeder.php(122): Illuminate\\Container\\Container->call(Array)
#20 /home/vagrant/Trabalhos/desafio/venda/vendor/laravel/framework/src/Illuminate/Database/Console/Seeds/SeedCommand.php(63): Illuminate\\Database\\Seeder->__invoke()
#21 /home/vagrant/Trabalhos/desafio/venda/vendor/laravel/framework/src/Illuminate/Database/Eloquent/Concerns/GuardsAttributes.php(122): Illuminate\\Database\\Console\\Seeds\\SeedCommand->Illuminate\\Database\\Console\\Seeds\\{closure}()
#22 /home/vagrant/Trabalhos/desafio/venda/vendor/laravel/framework/src/Illuminate/Database/Console/Seeds/SeedCommand.php(64): Illuminate\\Database\\Eloquent\\Model::unguarded(Object(Closure))
#23 [internal function]: Illuminate\\Database\\Console\\Seeds\\SeedCommand->handle()
#24 /home/vagrant/Trabalhos/desafio/venda/vendor/laravel/framework/src/Illuminate/Container/BoundMethod.php(32): call_user_func_array(Array, Array)
#25 /home/vagrant/Trabalhos/desafio/venda/vendor/laravel/framework/src/Illuminate/Container/BoundMethod.php(90): Illuminate\\Container\\BoundMethod::Illuminate\\Container\\{closure}()
#26 /home/vagrant/Trabalhos/desafio/venda/vendor/laravel/framework/src/Illuminate/Container/BoundMethod.php(34): Illuminate\\Container\\BoundMethod::callBoundMethod(Object(Illuminate\\Foundation\\Application), Array, Object(Closure))
#27 /home/vagrant/Trabalhos/desafio/venda/vendor/laravel/framework/src/Illuminate/Container/Container.php(580): Illuminate\\Container\\BoundMethod::call(Object(Illuminate\\Foundation\\Application), Array, Array, NULL)
#28 /home/vagrant/Trabalhos/desafio/venda/vendor/laravel/framework/src/Illuminate/Console/Command.php(183): Illuminate\\Container\\Container->call(Array)
#29 /home/vagrant/Trabalhos/desafio/venda/vendor/symfony/console/Command/Command.php(255): Illuminate\\Console\\Command->execute(Object(Symfony\\Component\\Console\\Input\\ArgvInput), Object(Illuminate\\Console\\OutputStyle))
#30 /home/vagrant/Trabalhos/desafio/venda/vendor/laravel/framework/src/Illuminate/Console/Command.php(170): Symfony\\Component\\Console\\Command\\Command->run(Object(Symfony\\Component\\Console\\Input\\ArgvInput), Object(Illuminate\\Console\\OutputStyle))
#31 /home/vagrant/Trabalhos/desafio/venda/vendor/symfony/console/Application.php(908): Illuminate\\Console\\Command->run(Object(Symfony\\Component\\Console\\Input\\ArgvInput), Object(Symfony\\Component\\Console\\Output\\ConsoleOutput))
#32 /home/vagrant/Trabalhos/desafio/venda/vendor/symfony/console/Application.php(269): Symfony\\Component\\Console\\Application->doRunCommand(Object(Illuminate\\Database\\Console\\Seeds\\SeedCommand), Object(Symfony\\Component\\Console\\Input\\ArgvInput), Object(Symfony\\Component\\Console\\Output\\ConsoleOutput))
#33 /home/vagrant/Trabalhos/desafio/venda/vendor/symfony/console/Application.php(145): Symfony\\Component\\Console\\Application->doRun(Object(Symfony\\Component\\Console\\Input\\ArgvInput), Object(Symfony\\Component\\Console\\Output\\ConsoleOutput))
#34 /home/vagrant/Trabalhos/desafio/venda/vendor/laravel/framework/src/Illuminate/Console/Application.php(90): Symfony\\Component\\Console\\Application->run(Object(Symfony\\Component\\Console\\Input\\ArgvInput), Object(Symfony\\Component\\Console\\Output\\ConsoleOutput))
#35 /home/vagrant/Trabalhos/desafio/venda/vendor/laravel/framework/src/Illuminate/Foundation/Console/Kernel.php(122): Illuminate\\Console\\Application->run(Object(Symfony\\Component\\Console\\Input\\ArgvInput), Object(Symfony\\Component\\Console\\Output\\ConsoleOutput))
#36 /home/vagrant/Trabalhos/desafio/venda/artisan(37): Illuminate\\Foundation\\Console\\Kernel->handle(Object(Symfony\\Component\\Console\\Input\\ArgvInput), Object(Symfony\\Component\\Console\\Output\\ConsoleOutput))
#37 {main}
"} 
